{"C:\\Users\\marti\\Visual\\App fitness\\mambo\\utils\\WeaknessAnalyzer.ts": {"path":"C:\\Users\\marti\\Visual\\App fitness\\mambo\\utils\\WeaknessAnalyzer.ts","statementMap":{"0":{"start":{"line":1,"column":0},"end":{"line":1,"column":59}},"1":{"start":{"line":11,"column":33},"end":{"line":80,"column":1}},"2":{"start":{"line":12,"column":58},"end":{"line":12,"column":86}},"3":{"start":{"line":13,"column":26},"end":{"line":13,"column":44}},"4":{"start":{"line":14,"column":22},"end":{"line":14,"column":48}},"5":{"start":{"line":15,"column":40},"end":{"line":15,"column":42}},"6":{"start":{"line":18,"column":23},"end":{"line":18,"column":54}},"7":{"start":{"line":19,"column":23},"end":{"line":19,"column":44}},"8":{"start":{"line":20,"column":23},"end":{"line":20,"column":86}},"9":{"start":{"line":22,"column":23},"end":{"line":24,"column":46}},"10":{"start":{"line":23,"column":21},"end":{"line":23,"column":50}},"11":{"start":{"line":24,"column":28},"end":{"line":24,"column":42}},"12":{"start":{"line":26,"column":23},"end":{"line":28,"column":46}},"13":{"start":{"line":27,"column":21},"end":{"line":27,"column":50}},"14":{"start":{"line":28,"column":28},"end":{"line":28,"column":42}},"15":{"start":{"line":30,"column":23},"end":{"line":32,"column":46}},"16":{"start":{"line":31,"column":21},"end":{"line":31,"column":50}},"17":{"start":{"line":32,"column":28},"end":{"line":32,"column":42}},"18":{"start":{"line":34,"column":4},"end":{"line":53,"column":5}},"19":{"start":{"line":35,"column":22},"end":{"line":35,"column":45}},"20":{"start":{"line":36,"column":8},"end":{"line":52,"column":9}},"21":{"start":{"line":37,"column":12},"end":{"line":43,"column":15}},"22":{"start":{"line":44,"column":15},"end":{"line":52,"column":9}},"23":{"start":{"line":45,"column":12},"end":{"line":51,"column":15}},"24":{"start":{"line":56,"column":24},"end":{"line":56,"column":75}},"25":{"start":{"line":56,"column":57},"end":{"line":56,"column":71}},"26":{"start":{"line":58,"column":4},"end":{"line":66,"column":5}},"27":{"start":{"line":59,"column":8},"end":{"line":65,"column":11}},"28":{"start":{"line":69,"column":4},"end":{"line":77,"column":5}},"29":{"start":{"line":70,"column":8},"end":{"line":76,"column":11}},"30":{"start":{"line":79,"column":4},"end":{"line":79,"column":20}},"31":{"start":{"line":11,"column":13},"end":{"line":11,"column":33}}},"fnMap":{"0":{"name":"(anonymous_0)","decl":{"start":{"line":11,"column":33},"end":{"line":11,"column":55}},"loc":{"start":{"line":11,"column":57},"end":{"line":80,"column":1}}},"1":{"name":"(anonymous_1)","decl":{"start":{"line":23,"column":16},"end":{"line":23,"column":17}},"loc":{"start":{"line":23,"column":21},"end":{"line":23,"column":50}}},"2":{"name":"(anonymous_2)","decl":{"start":{"line":24,"column":16},"end":{"line":24,"column":17}},"loc":{"start":{"line":24,"column":28},"end":{"line":24,"column":42}}},"3":{"name":"(anonymous_3)","decl":{"start":{"line":27,"column":16},"end":{"line":27,"column":17}},"loc":{"start":{"line":27,"column":21},"end":{"line":27,"column":50}}},"4":{"name":"(anonymous_4)","decl":{"start":{"line":28,"column":16},"end":{"line":28,"column":17}},"loc":{"start":{"line":28,"column":28},"end":{"line":28,"column":42}}},"5":{"name":"(anonymous_5)","decl":{"start":{"line":31,"column":16},"end":{"line":31,"column":17}},"loc":{"start":{"line":31,"column":21},"end":{"line":31,"column":50}}},"6":{"name":"(anonymous_6)","decl":{"start":{"line":32,"column":16},"end":{"line":32,"column":17}},"loc":{"start":{"line":32,"column":28},"end":{"line":32,"column":42}}},"7":{"name":"(anonymous_7)","decl":{"start":{"line":56,"column":45},"end":{"line":56,"column":46}},"loc":{"start":{"line":56,"column":57},"end":{"line":56,"column":71}}}},"branchMap":{"0":{"loc":{"start":{"line":34,"column":4},"end":{"line":53,"column":5}},"type":"if","locations":[{"start":{"line":34,"column":4},"end":{"line":53,"column":5}}]},"1":{"loc":{"start":{"line":34,"column":8},"end":{"line":34,"column":40}},"type":"binary-expr","locations":[{"start":{"line":34,"column":8},"end":{"line":34,"column":22}},{"start":{"line":34,"column":26},"end":{"line":34,"column":40}}]},"2":{"loc":{"start":{"line":36,"column":8},"end":{"line":52,"column":9}},"type":"if","locations":[{"start":{"line":36,"column":8},"end":{"line":52,"column":9}},{"start":{"line":44,"column":15},"end":{"line":52,"column":9}}]},"3":{"loc":{"start":{"line":44,"column":15},"end":{"line":52,"column":9}},"type":"if","locations":[{"start":{"line":44,"column":15},"end":{"line":52,"column":9}}]},"4":{"loc":{"start":{"line":58,"column":4},"end":{"line":66,"column":5}},"type":"if","locations":[{"start":{"line":58,"column":4},"end":{"line":66,"column":5}}]},"5":{"loc":{"start":{"line":58,"column":8},"end":{"line":58,"column":61}},"type":"binary-expr","locations":[{"start":{"line":58,"column":8},"end":{"line":58,"column":25}},{"start":{"line":58,"column":29},"end":{"line":58,"column":61}}]},"6":{"loc":{"start":{"line":69,"column":4},"end":{"line":77,"column":5}},"type":"if","locations":[{"start":{"line":69,"column":4},"end":{"line":77,"column":5}}]}},"s":{"0":1,"1":1,"2":4,"3":4,"4":4,"5":4,"6":4,"7":4,"8":4,"9":4,"10":12,"11":4,"12":4,"13":12,"14":4,"15":4,"16":12,"17":4,"18":4,"19":4,"20":4,"21":1,"22":3,"23":1,"24":4,"25":12,"26":4,"27":1,"28":4,"29":1,"30":4,"31":1},"f":{"0":4,"1":12,"2":4,"3":12,"4":4,"5":12,"6":4,"7":12},"b":{"0":[4],"1":[4,4],"2":[1,3],"3":[1],"4":[1],"5":[4,4],"6":[1]}}
,"C:\\Users\\marti\\Visual\\App fitness\\mambo\\utils\\accessibility.ts": {"path":"C:\\Users\\marti\\Visual\\App fitness\\mambo\\utils\\accessibility.ts","statementMap":{"0":{"start":{"line":7,"column":13},"end":{"line":82,"column":2}},"1":{"start":{"line":11,"column":75},"end":{"line":17,"column":6}},"2":{"start":{"line":22,"column":54},"end":{"line":28,"column":6}},"3":{"start":{"line":33,"column":37},"end":{"line":37,"column":6}},"4":{"start":{"line":42,"column":62},"end":{"line":48,"column":6}},"5":{"start":{"line":53,"column":23},"end":{"line":57,"column":6}},"6":{"start":{"line":62,"column":47},"end":{"line":67,"column":6}},"7":{"start":{"line":72,"column":77},"end":{"line":81,"column":6}}},"fnMap":{"0":{"name":"(anonymous_0)","decl":{"start":{"line":11,"column":12},"end":{"line":11,"column":13}},"loc":{"start":{"line":11,"column":75},"end":{"line":17,"column":6}}},"1":{"name":"(anonymous_1)","decl":{"start":{"line":22,"column":12},"end":{"line":22,"column":13}},"loc":{"start":{"line":22,"column":54},"end":{"line":28,"column":6}}},"2":{"name":"(anonymous_2)","decl":{"start":{"line":33,"column":11},"end":{"line":33,"column":12}},"loc":{"start":{"line":33,"column":37},"end":{"line":37,"column":6}}},"3":{"name":"(anonymous_3)","decl":{"start":{"line":42,"column":11},"end":{"line":42,"column":12}},"loc":{"start":{"line":42,"column":62},"end":{"line":48,"column":6}}},"4":{"name":"(anonymous_4)","decl":{"start":{"line":53,"column":16},"end":{"line":53,"column":19}},"loc":{"start":{"line":53,"column":23},"end":{"line":57,"column":6}}},"5":{"name":"(anonymous_5)","decl":{"start":{"line":62,"column":12},"end":{"line":62,"column":13}},"loc":{"start":{"line":62,"column":47},"end":{"line":67,"column":6}}},"6":{"name":"(anonymous_6)","decl":{"start":{"line":72,"column":16},"end":{"line":72,"column":17}},"loc":{"start":{"line":72,"column":77},"end":{"line":81,"column":6}}}},"branchMap":{"0":{"loc":{"start":{"line":22,"column":28},"end":{"line":22,"column":48}},"type":"default-arg","locations":[{"start":{"line":22,"column":47},"end":{"line":22,"column":48}}]},"1":{"loc":{"start":{"line":47,"column":28},"end":{"line":47,"column":63}},"type":"cond-expr","locations":[{"start":{"line":47,"column":36},"end":{"line":47,"column":51}},{"start":{"line":47,"column":54},"end":{"line":47,"column":63}}]}},"s":{"0":1,"1":2,"2":2,"3":1,"4":2,"5":1,"6":2,"7":1},"f":{"0":2,"1":2,"2":1,"3":2,"4":1,"5":2,"6":1},"b":{"0":[1],"1":[1,1]}}
,"C:\\Users\\marti\\Visual\\App fitness\\mambo\\utils\\dateUtils.ts": {"path":"C:\\Users\\marti\\Visual\\App fitness\\mambo\\utils\\dateUtils.ts","statementMap":{"0":{"start":{"line":8,"column":0},"end":{"line":8,"column":16}},"1":{"start":{"line":18,"column":0},"end":{"line":18,"column":16}},"2":{"start":{"line":26,"column":0},"end":{"line":26,"column":16}},"3":{"start":{"line":9,"column":17},"end":{"line":9,"column":35}},"4":{"start":{"line":10,"column":18},"end":{"line":10,"column":62}},"5":{"start":{"line":11,"column":16},"end":{"line":11,"column":55}},"6":{"start":{"line":12,"column":4},"end":{"line":12,"column":37}},"7":{"start":{"line":19,"column":31},"end":{"line":19,"column":61}},"8":{"start":{"line":20,"column":4},"end":{"line":20,"column":42}},"9":{"start":{"line":31,"column":17},"end":{"line":31,"column":40}},"10":{"start":{"line":32,"column":4},"end":{"line":32,"column":53}}},"fnMap":{"0":{"name":"getLocalDateString","decl":{"start":{"line":8,"column":16},"end":{"line":8,"column":34}},"loc":{"start":{"line":8,"column":58},"end":{"line":13,"column":1}}},"1":{"name":"parseLocalDate","decl":{"start":{"line":18,"column":16},"end":{"line":18,"column":30}},"loc":{"start":{"line":18,"column":46},"end":{"line":21,"column":1}}},"2":{"name":"formatSpanishDate","decl":{"start":{"line":26,"column":16},"end":{"line":26,"column":33}},"loc":{"start":{"line":30,"column":1},"end":{"line":33,"column":1}}}},"branchMap":{"0":{"loc":{"start":{"line":8,"column":35},"end":{"line":8,"column":58}},"type":"default-arg","locations":[{"start":{"line":8,"column":48},"end":{"line":8,"column":58}}]},"1":{"loc":{"start":{"line":26,"column":51},"end":{"line":30,"column":null}},"type":"default-arg","locations":[{"start":{"line":26,"column":89},"end":{"line":30,"column":null}}]}},"s":{"0":1,"1":1,"2":1,"3":2,"4":2,"5":2,"6":2,"7":2,"8":2,"9":1,"10":1},"f":{"0":2,"1":2,"2":1},"b":{"0":[0],"1":[1]}}
,"C:\\Users\\marti\\Visual\\App fitness\\mambo\\utils\\exportUtils.ts": {"path":"C:\\Users\\marti\\Visual\\App fitness\\mambo\\utils\\exportUtils.ts","statementMap":{"0":{"start":{"line":1,"column":0},"end":{"line":1,"column":37}},"1":{"start":{"line":2,"column":0},"end":{"line":2,"column":40}},"2":{"start":{"line":3,"column":0},"end":{"line":3,"column":52}},"3":{"start":{"line":5,"column":29},"end":{"line":24,"column":1}},"4":{"start":{"line":6,"column":4},"end":{"line":23,"column":5}},"5":{"start":{"line":7,"column":20},"end":{"line":10,"column":10}},"6":{"start":{"line":12,"column":28},"end":{"line":12,"column":60}},"7":{"start":{"line":13,"column":8},"end":{"line":19,"column":9}},"8":{"start":{"line":14,"column":12},"end":{"line":16,"column":15}},"9":{"start":{"line":18,"column":12},"end":{"line":18,"column":85}},"10":{"start":{"line":21,"column":8},"end":{"line":21,"column":55}},"11":{"start":{"line":22,"column":8},"end":{"line":22,"column":62}},"12":{"start":{"line":5,"column":13},"end":{"line":5,"column":29}},"13":{"start":{"line":26,"column":27},"end":{"line":45,"column":1}},"14":{"start":{"line":27,"column":4},"end":{"line":44,"column":5}},"15":{"start":{"line":28,"column":28},"end":{"line":28,"column":60}},"16":{"start":{"line":29,"column":8},"end":{"line":41,"column":9}},"17":{"start":{"line":31,"column":12},"end":{"line":40,"column":15}},"18":{"start":{"line":37,"column":24},"end":{"line":37,"column":62}},"19":{"start":{"line":43,"column":8},"end":{"line":43,"column":47}},"20":{"start":{"line":26,"column":13},"end":{"line":26,"column":27}}},"fnMap":{"0":{"name":"(anonymous_9)","decl":{"start":{"line":5,"column":29},"end":{"line":5,"column":34}},"loc":{"start":{"line":5,"column":70},"end":{"line":24,"column":1}}},"1":{"name":"(anonymous_10)","decl":{"start":{"line":26,"column":27},"end":{"line":26,"column":32}},"loc":{"start":{"line":26,"column":68},"end":{"line":45,"column":1}}},"2":{"name":"(anonymous_11)","decl":{"start":{"line":35,"column":29},"end":{"line":35,"column":32}},"loc":{"start":{"line":35,"column":34},"end":{"line":38,"column":21}}}},"branchMap":{"0":{"loc":{"start":{"line":13,"column":8},"end":{"line":19,"column":9}},"type":"if","locations":[{"start":{"line":13,"column":8},"end":{"line":19,"column":9}},{"start":{"line":17,"column":15},"end":{"line":19,"column":9}}]},"1":{"loc":{"start":{"line":29,"column":8},"end":{"line":41,"column":9}},"type":"if","locations":[{"start":{"line":29,"column":8},"end":{"line":41,"column":9}}]}},"s":{"0":1,"1":1,"2":1,"3":1,"4":3,"5":3,"6":2,"7":2,"8":1,"9":1,"10":1,"11":1,"12":1,"13":1,"14":2,"15":2,"16":2,"17":1,"18":0,"19":0,"20":1},"f":{"0":3,"1":2,"2":0},"b":{"0":[1,1],"1":[1]}}
,"C:\\Users\\marti\\Visual\\App fitness\\mambo\\utils\\nutrition.ts": {"path":"C:\\Users\\marti\\Visual\\App fitness\\mambo\\utils\\nutrition.ts","statementMap":{"0":{"start":{"line":6,"column":0},"end":{"line":6,"column":16}},"1":{"start":{"line":27,"column":0},"end":{"line":27,"column":16}},"2":{"start":{"line":45,"column":0},"end":{"line":45,"column":16}},"3":{"start":{"line":54,"column":0},"end":{"line":54,"column":16}},"4":{"start":{"line":104,"column":0},"end":{"line":104,"column":16}},"5":{"start":{"line":118,"column":0},"end":{"line":118,"column":16}},"6":{"start":{"line":132,"column":0},"end":{"line":132,"column":16}},"7":{"start":{"line":145,"column":0},"end":{"line":145,"column":16}},"8":{"start":{"line":7,"column":4},"end":{"line":11,"column":5}},"9":{"start":{"line":8,"column":8},"end":{"line":8,"column":57}},"10":{"start":{"line":10,"column":8},"end":{"line":10,"column":59}},"11":{"start":{"line":17,"column":60},"end":{"line":22,"column":2}},"12":{"start":{"line":28,"column":4},"end":{"line":28,"column":65}},"13":{"start":{"line":34,"column":57},"end":{"line":40,"column":2}},"14":{"start":{"line":46,"column":23},"end":{"line":46,"column":55}},"15":{"start":{"line":47,"column":4},"end":{"line":47,"column":47}},"16":{"start":{"line":63,"column":4},"end":{"line":84,"column":5}},"17":{"start":{"line":65,"column":12},"end":{"line":65,"column":36}},"18":{"start":{"line":66,"column":12},"end":{"line":66,"column":33}},"19":{"start":{"line":67,"column":12},"end":{"line":67,"column":18}},"20":{"start":{"line":69,"column":12},"end":{"line":69,"column":36}},"21":{"start":{"line":70,"column":12},"end":{"line":70,"column":33}},"22":{"start":{"line":71,"column":12},"end":{"line":71,"column":18}},"23":{"start":{"line":73,"column":12},"end":{"line":73,"column":36}},"24":{"start":{"line":74,"column":12},"end":{"line":74,"column":33}},"25":{"start":{"line":75,"column":12},"end":{"line":75,"column":18}},"26":{"start":{"line":77,"column":12},"end":{"line":77,"column":36}},"27":{"start":{"line":78,"column":12},"end":{"line":78,"column":33}},"28":{"start":{"line":79,"column":12},"end":{"line":79,"column":18}},"29":{"start":{"line":81,"column":12},"end":{"line":81,"column":36}},"30":{"start":{"line":82,"column":12},"end":{"line":82,"column":33}},"31":{"start":{"line":83,"column":12},"end":{"line":83,"column":18}},"32":{"start":{"line":87,"column":20},"end":{"line":87,"column":58}},"33":{"start":{"line":88,"column":28},"end":{"line":88,"column":39}},"34":{"start":{"line":91,"column":24},"end":{"line":91,"column":51}},"35":{"start":{"line":92,"column":17},"end":{"line":92,"column":44}},"36":{"start":{"line":95,"column":30},"end":{"line":95,"column":73}},"37":{"start":{"line":96,"column":18},"end":{"line":96,"column":51}},"38":{"start":{"line":98,"column":4},"end":{"line":98,"column":36}},"39":{"start":{"line":105,"column":45},"end":{"line":111,"column":6}},"40":{"start":{"line":112,"column":4},"end":{"line":112,"column":28}},"41":{"start":{"line":119,"column":52},"end":{"line":125,"column":6}},"42":{"start":{"line":126,"column":4},"end":{"line":126,"column":35}},"43":{"start":{"line":133,"column":49},"end":{"line":138,"column":6}},"44":{"start":{"line":139,"column":4},"end":{"line":139,"column":24}},"45":{"start":{"line":146,"column":56},"end":{"line":151,"column":6}},"46":{"start":{"line":152,"column":4},"end":{"line":152,"column":31}}},"fnMap":{"0":{"name":"calculateBMR","decl":{"start":{"line":6,"column":16},"end":{"line":6,"column":28}},"loc":{"start":{"line":6,"column":88},"end":{"line":12,"column":1}}},"1":{"name":"calculateTDEE","decl":{"start":{"line":27,"column":16},"end":{"line":27,"column":29}},"loc":{"start":{"line":27,"column":71},"end":{"line":29,"column":1}}},"2":{"name":"calculateCalorieGoal","decl":{"start":{"line":45,"column":16},"end":{"line":45,"column":36}},"loc":{"start":{"line":45,"column":71},"end":{"line":48,"column":1}}},"3":{"name":"calculateMacros","decl":{"start":{"line":54,"column":16},"end":{"line":54,"column":31}},"loc":{"start":{"line":57,"column":24},"end":{"line":99,"column":1}}},"4":{"name":"getObjectiveDisplayName","decl":{"start":{"line":104,"column":16},"end":{"line":104,"column":39}},"loc":{"start":{"line":104,"column":60},"end":{"line":113,"column":1}}},"5":{"name":"getObjectiveDescription","decl":{"start":{"line":118,"column":16},"end":{"line":118,"column":39}},"loc":{"start":{"line":118,"column":60},"end":{"line":127,"column":1}}},"6":{"name":"getActivityLevelDisplayName","decl":{"start":{"line":132,"column":16},"end":{"line":132,"column":43}},"loc":{"start":{"line":132,"column":64},"end":{"line":140,"column":1}}},"7":{"name":"getActivityLevelDescription","decl":{"start":{"line":145,"column":16},"end":{"line":145,"column":43}},"loc":{"start":{"line":145,"column":64},"end":{"line":153,"column":1}}}},"branchMap":{"0":{"loc":{"start":{"line":7,"column":4},"end":{"line":11,"column":5}},"type":"if","locations":[{"start":{"line":7,"column":4},"end":{"line":11,"column":5}},{"start":{"line":9,"column":11},"end":{"line":11,"column":5}}]},"1":{"loc":{"start":{"line":63,"column":4},"end":{"line":84,"column":5}},"type":"switch","locations":[{"start":{"line":64,"column":8},"end":{"line":67,"column":18}},{"start":{"line":68,"column":8},"end":{"line":71,"column":18}},{"start":{"line":72,"column":8},"end":{"line":75,"column":18}},{"start":{"line":76,"column":8},"end":{"line":79,"column":18}},{"start":{"line":80,"column":8},"end":{"line":83,"column":18}}]}},"s":{"0":1,"1":1,"2":1,"3":1,"4":1,"5":1,"6":1,"7":1,"8":2,"9":1,"10":1,"11":1,"12":2,"13":1,"14":2,"15":2,"16":1,"17":0,"18":0,"19":0,"20":0,"21":0,"22":0,"23":1,"24":1,"25":1,"26":0,"27":0,"28":0,"29":0,"30":0,"31":0,"32":1,"33":1,"34":1,"35":1,"36":1,"37":1,"38":1,"39":0,"40":0,"41":0,"42":0,"43":0,"44":0,"45":0,"46":0},"f":{"0":2,"1":2,"2":2,"3":1,"4":0,"5":0,"6":0,"7":0},"b":{"0":[1,1],"1":[0,0,1,0,0]}}
,"C:\\Users\\marti\\Visual\\App fitness\\mambo\\utils\\planExport.ts": {"path":"C:\\Users\\marti\\Visual\\App fitness\\mambo\\utils\\planExport.ts","statementMap":{"0":{"start":{"line":9,"column":0},"end":{"line":9,"column":7}},"1":{"start":{"line":31,"column":0},"end":{"line":31,"column":7}},"2":{"start":{"line":53,"column":0},"end":{"line":53,"column":7}},"3":{"start":{"line":109,"column":0},"end":{"line":109,"column":7}},"4":{"start":{"line":151,"column":0},"end":{"line":151,"column":7}},"5":{"start":{"line":176,"column":0},"end":{"line":176,"column":7}},"6":{"start":{"line":1,"column":0},"end":{"line":1,"column":54}},"7":{"start":{"line":2,"column":0},"end":{"line":2,"column":40}},"8":{"start":{"line":10,"column":4},"end":{"line":25,"column":5}},"9":{"start":{"line":11,"column":27},"end":{"line":11,"column":56}},"10":{"start":{"line":12,"column":25},"end":{"line":12,"column":83}},"11":{"start":{"line":13,"column":24},"end":{"line":13,"column":63}},"12":{"start":{"line":15,"column":8},"end":{"line":15,"column":65}},"13":{"start":{"line":16,"column":8},"end":{"line":19,"column":11}},"14":{"start":{"line":21,"column":8},"end":{"line":21,"column":55}},"15":{"start":{"line":23,"column":8},"end":{"line":23,"column":59}},"16":{"start":{"line":24,"column":8},"end":{"line":24,"column":20}},"17":{"start":{"line":32,"column":4},"end":{"line":47,"column":5}},"18":{"start":{"line":33,"column":27},"end":{"line":33,"column":59}},"19":{"start":{"line":34,"column":25},"end":{"line":34,"column":118}},"20":{"start":{"line":35,"column":24},"end":{"line":35,"column":63}},"21":{"start":{"line":37,"column":8},"end":{"line":37,"column":65}},"22":{"start":{"line":38,"column":8},"end":{"line":41,"column":11}},"23":{"start":{"line":43,"column":8},"end":{"line":43,"column":53}},"24":{"start":{"line":45,"column":8},"end":{"line":45,"column":57}},"25":{"start":{"line":46,"column":8},"end":{"line":46,"column":20}},"26":{"start":{"line":54,"column":4},"end":{"line":103,"column":5}},"27":{"start":{"line":55,"column":19},"end":{"line":55,"column":51}},"28":{"start":{"line":57,"column":8},"end":{"line":88,"column":11}},"29":{"start":{"line":58,"column":28},"end":{"line":58,"column":121}},"30":{"start":{"line":59,"column":12},"end":{"line":59,"column":78}},"31":{"start":{"line":61,"column":12},"end":{"line":79,"column":15}},"32":{"start":{"line":62,"column":16},"end":{"line":62,"column":46}},"33":{"start":{"line":63,"column":16},"end":{"line":63,"column":50}},"34":{"start":{"line":64,"column":16},"end":{"line":64,"column":63}},"35":{"start":{"line":65,"column":16},"end":{"line":65,"column":91}},"36":{"start":{"line":67,"column":16},"end":{"line":72,"column":17}},"37":{"start":{"line":68,"column":20},"end":{"line":68,"column":49}},"38":{"start":{"line":69,"column":20},"end":{"line":71,"column":23}},"39":{"start":{"line":70,"column":24},"end":{"line":70,"column":48}},"40":{"start":{"line":74,"column":16},"end":{"line":76,"column":17}},"41":{"start":{"line":75,"column":20},"end":{"line":75,"column":60}},"42":{"start":{"line":78,"column":16},"end":{"line":78,"column":29}},"43":{"start":{"line":82,"column":34},"end":{"line":82,"column":83}},"44":{"start":{"line":82,"column":63},"end":{"line":82,"column":79}},"45":{"start":{"line":83,"column":33},"end":{"line":83,"column":81}},"46":{"start":{"line":83,"column":62},"end":{"line":83,"column":77}},"47":{"start":{"line":84,"column":31},"end":{"line":84,"column":77}},"48":{"start":{"line":84,"column":60},"end":{"line":84,"column":73}},"49":{"start":{"line":85,"column":29},"end":{"line":85,"column":73}},"50":{"start":{"line":85,"column":58},"end":{"line":85,"column":69}},"51":{"start":{"line":87,"column":12},"end":{"line":87,"column":114}},"52":{"start":{"line":90,"column":25},"end":{"line":90,"column":82}},"53":{"start":{"line":91,"column":24},"end":{"line":91,"column":63}},"54":{"start":{"line":93,"column":8},"end":{"line":93,"column":59}},"55":{"start":{"line":94,"column":8},"end":{"line":97,"column":11}},"56":{"start":{"line":99,"column":8},"end":{"line":99,"column":60}},"57":{"start":{"line":101,"column":8},"end":{"line":101,"column":54}},"58":{"start":{"line":102,"column":8},"end":{"line":102,"column":20}},"59":{"start":{"line":110,"column":4},"end":{"line":145,"column":5}},"60":{"start":{"line":111,"column":19},"end":{"line":111,"column":57}},"61":{"start":{"line":113,"column":8},"end":{"line":115,"column":9}},"62":{"start":{"line":114,"column":12},"end":{"line":114,"column":49}},"63":{"start":{"line":117,"column":8},"end":{"line":117,"column":64}},"64":{"start":{"line":119,"column":8},"end":{"line":130,"column":11}},"65":{"start":{"line":120,"column":12},"end":{"line":120,"column":55}},"66":{"start":{"line":121,"column":12},"end":{"line":121,"column":58}},"67":{"start":{"line":122,"column":12},"end":{"line":122,"column":57}},"68":{"start":{"line":123,"column":12},"end":{"line":125,"column":13}},"69":{"start":{"line":124,"column":16},"end":{"line":124,"column":61}},"70":{"start":{"line":126,"column":12},"end":{"line":128,"column":13}},"71":{"start":{"line":127,"column":16},"end":{"line":127,"column":63}},"72":{"start":{"line":129,"column":12},"end":{"line":129,"column":25}},"73":{"start":{"line":132,"column":25},"end":{"line":132,"column":75}},"74":{"start":{"line":133,"column":24},"end":{"line":133,"column":63}},"75":{"start":{"line":135,"column":8},"end":{"line":135,"column":59}},"76":{"start":{"line":136,"column":8},"end":{"line":139,"column":11}},"77":{"start":{"line":141,"column":8},"end":{"line":141,"column":58}},"78":{"start":{"line":143,"column":8},"end":{"line":143,"column":62}},"79":{"start":{"line":144,"column":8},"end":{"line":144,"column":20}},"80":{"start":{"line":152,"column":4},"end":{"line":170,"column":5}},"81":{"start":{"line":153,"column":23},"end":{"line":153,"column":45}},"82":{"start":{"line":156,"column":8},"end":{"line":158,"column":9}},"83":{"start":{"line":157,"column":12},"end":{"line":157,"column":62}},"84":{"start":{"line":161,"column":38},"end":{"line":164,"column":11}},"85":{"start":{"line":161,"column":57},"end":{"line":164,"column":10}},"86":{"start":{"line":166,"column":8},"end":{"line":166,"column":20}},"87":{"start":{"line":168,"column":8},"end":{"line":168,"column":59}},"88":{"start":{"line":169,"column":8},"end":{"line":169,"column":55}},"89":{"start":{"line":177,"column":4},"end":{"line":195,"column":5}},"90":{"start":{"line":178,"column":23},"end":{"line":178,"column":45}},"91":{"start":{"line":181,"column":8},"end":{"line":183,"column":9}},"92":{"start":{"line":182,"column":12},"end":{"line":182,"column":54}},"93":{"start":{"line":186,"column":38},"end":{"line":189,"column":10}},"94":{"start":{"line":191,"column":8},"end":{"line":191,"column":23}},"95":{"start":{"line":193,"column":8},"end":{"line":193,"column":57}},"96":{"start":{"line":194,"column":8},"end":{"line":194,"column":54}}},"fnMap":{"0":{"name":"exportMealPlanJSON","decl":{"start":{"line":9,"column":22},"end":{"line":9,"column":40}},"loc":{"start":{"line":9,"column":62},"end":{"line":26,"column":1}}},"1":{"name":"exportRoutineJSON","decl":{"start":{"line":31,"column":22},"end":{"line":31,"column":39}},"loc":{"start":{"line":31,"column":61},"end":{"line":48,"column":1}}},"2":{"name":"exportMealPlanText","decl":{"start":{"line":53,"column":22},"end":{"line":53,"column":40}},"loc":{"start":{"line":53,"column":62},"end":{"line":104,"column":1}}},"3":{"name":"(anonymous_12)","decl":{"start":{"line":57,"column":21},"end":{"line":57,"column":22}},"loc":{"start":{"line":57,"column":36},"end":{"line":88,"column":9}}},"4":{"name":"(anonymous_13)","decl":{"start":{"line":61,"column":30},"end":{"line":61,"column":34}},"loc":{"start":{"line":61,"column":37},"end":{"line":79,"column":13}}},"5":{"name":"(anonymous_14)","decl":{"start":{"line":69,"column":45},"end":{"line":69,"column":48}},"loc":{"start":{"line":69,"column":51},"end":{"line":71,"column":21}}},"6":{"name":"(anonymous_15)","decl":{"start":{"line":82,"column":51},"end":{"line":82,"column":52}},"loc":{"start":{"line":82,"column":63},"end":{"line":82,"column":79}}},"7":{"name":"(anonymous_16)","decl":{"start":{"line":83,"column":50},"end":{"line":83,"column":51}},"loc":{"start":{"line":83,"column":62},"end":{"line":83,"column":77}}},"8":{"name":"(anonymous_17)","decl":{"start":{"line":84,"column":48},"end":{"line":84,"column":49}},"loc":{"start":{"line":84,"column":60},"end":{"line":84,"column":73}}},"9":{"name":"(anonymous_18)","decl":{"start":{"line":85,"column":46},"end":{"line":85,"column":47}},"loc":{"start":{"line":85,"column":58},"end":{"line":85,"column":69}}},"10":{"name":"exportRoutineText","decl":{"start":{"line":109,"column":22},"end":{"line":109,"column":39}},"loc":{"start":{"line":109,"column":61},"end":{"line":146,"column":1}}},"11":{"name":"(anonymous_20)","decl":{"start":{"line":119,"column":34},"end":{"line":119,"column":35}},"loc":{"start":{"line":119,"column":54},"end":{"line":130,"column":9}}},"12":{"name":"importMealPlanJSON","decl":{"start":{"line":151,"column":22},"end":{"line":151,"column":40}},"loc":{"start":{"line":151,"column":59},"end":{"line":171,"column":1}}},"13":{"name":"(anonymous_22)","decl":{"start":{"line":161,"column":49},"end":{"line":161,"column":52}},"loc":{"start":{"line":161,"column":57},"end":{"line":164,"column":10}}},"14":{"name":"importRoutineJSON","decl":{"start":{"line":176,"column":22},"end":{"line":176,"column":39}},"loc":{"start":{"line":176,"column":58},"end":{"line":196,"column":1}}}},"branchMap":{"0":{"loc":{"start":{"line":67,"column":16},"end":{"line":72,"column":17}},"type":"if","locations":[{"start":{"line":67,"column":16},"end":{"line":72,"column":17}}]},"1":{"loc":{"start":{"line":74,"column":16},"end":{"line":76,"column":17}},"type":"if","locations":[{"start":{"line":74,"column":16},"end":{"line":76,"column":17}}]},"2":{"loc":{"start":{"line":113,"column":8},"end":{"line":115,"column":9}},"type":"if","locations":[{"start":{"line":113,"column":8},"end":{"line":115,"column":9}}]},"3":{"loc":{"start":{"line":123,"column":12},"end":{"line":125,"column":13}},"type":"if","locations":[{"start":{"line":123,"column":12},"end":{"line":125,"column":13}}]},"4":{"loc":{"start":{"line":126,"column":12},"end":{"line":128,"column":13}},"type":"if","locations":[{"start":{"line":126,"column":12},"end":{"line":128,"column":13}}]},"5":{"loc":{"start":{"line":156,"column":8},"end":{"line":158,"column":9}},"type":"if","locations":[{"start":{"line":156,"column":8},"end":{"line":158,"column":9}}]},"6":{"loc":{"start":{"line":181,"column":8},"end":{"line":183,"column":9}},"type":"if","locations":[{"start":{"line":181,"column":8},"end":{"line":183,"column":9}}]},"7":{"loc":{"start":{"line":181,"column":12},"end":{"line":181,"column":81}},"type":"binary-expr","locations":[{"start":{"line":181,"column":12},"end":{"line":181,"column":24}},{"start":{"line":181,"column":28},"end":{"line":181,"column":45}},{"start":{"line":181,"column":49},"end":{"line":181,"column":81}}]},"8":{"loc":{"start":{"line":188,"column":23},"end":{"line":188,"column":81}},"type":"cond-expr","locations":[{"start":{"line":188,"column":42},"end":{"line":188,"column":68}},{"start":{"line":188,"column":71},"end":{"line":188,"column":81}}]}},"s":{"0":1,"1":1,"2":1,"3":1,"4":1,"5":1,"6":1,"7":1,"8":1,"9":1,"10":1,"11":1,"12":1,"13":1,"14":1,"15":0,"16":0,"17":1,"18":1,"19":1,"20":1,"21":1,"22":1,"23":1,"24":0,"25":0,"26":1,"27":1,"28":1,"29":1,"30":1,"31":1,"32":1,"33":1,"34":1,"35":1,"36":1,"37":1,"38":1,"39":2,"40":1,"41":0,"42":1,"43":1,"44":1,"45":1,"46":1,"47":1,"48":1,"49":1,"50":1,"51":1,"52":1,"53":1,"54":1,"55":1,"56":1,"57":0,"58":0,"59":1,"60":1,"61":1,"62":0,"63":1,"64":1,"65":1,"66":1,"67":1,"68":1,"69":1,"70":1,"71":1,"72":1,"73":1,"74":1,"75":1,"76":1,"77":1,"78":0,"79":0,"80":3,"81":3,"82":2,"83":1,"84":1,"85":1,"86":1,"87":2,"88":2,"89":2,"90":2,"91":2,"92":1,"93":1,"94":1,"95":1,"96":1},"f":{"0":1,"1":1,"2":1,"3":1,"4":1,"5":2,"6":1,"7":1,"8":1,"9":1,"10":1,"11":1,"12":3,"13":1,"14":2},"b":{"0":[1],"1":[0],"2":[0],"3":[1],"4":[1],"5":[1],"6":[1],"7":[2,1,1],"8":[1,0]}}
,"C:\\Users\\marti\\Visual\\App fitness\\mambo\\utils\\planTemplates.ts": {"path":"C:\\Users\\marti\\Visual\\App fitness\\mambo\\utils\\planTemplates.ts","statementMap":{"0":{"start":{"line":749,"column":0},"end":{"line":749,"column":16}},"1":{"start":{"line":756,"column":0},"end":{"line":756,"column":16}},"2":{"start":{"line":770,"column":0},"end":{"line":770,"column":16}},"3":{"start":{"line":29,"column":13},"end":{"line":744,"column":2}},"4":{"start":{"line":750,"column":4},"end":{"line":750,"column":41}},"5":{"start":{"line":757,"column":4},"end":{"line":764,"column":8}},"6":{"start":{"line":757,"column":61},"end":{"line":764,"column":6}},"7":{"start":{"line":771,"column":4},"end":{"line":775,"column":7}},"8":{"start":{"line":772,"column":28},"end":{"line":772,"column":77}},"9":{"start":{"line":773,"column":29},"end":{"line":773,"column":82}},"10":{"start":{"line":774,"column":8},"end":{"line":774,"column":43}}},"fnMap":{"0":{"name":"getWorkoutTemplate","decl":{"start":{"line":749,"column":16},"end":{"line":749,"column":34}},"loc":{"start":{"line":749,"column":45},"end":{"line":751,"column":1}}},"1":{"name":"listWorkoutTemplates","decl":{"start":{"line":756,"column":16},"end":{"line":756,"column":36}},"loc":{"start":{"line":756,"column":36},"end":{"line":765,"column":1}}},"2":{"name":"(anonymous_2)","decl":{"start":{"line":757,"column":48},"end":{"line":757,"column":56}},"loc":{"start":{"line":757,"column":61},"end":{"line":764,"column":6}}},"3":{"name":"filterTemplates","decl":{"start":{"line":770,"column":16},"end":{"line":770,"column":31}},"loc":{"start":{"line":770,"column":61},"end":{"line":776,"column":1}}},"4":{"name":"(anonymous_4)","decl":{"start":{"line":771,"column":51},"end":{"line":771,"column":59}},"loc":{"start":{"line":771,"column":62},"end":{"line":775,"column":5}}}},"branchMap":{"0":{"loc":{"start":{"line":750,"column":11},"end":{"line":750,"column":40}},"type":"binary-expr","locations":[{"start":{"line":750,"column":11},"end":{"line":750,"column":32}},{"start":{"line":750,"column":36},"end":{"line":750,"column":40}}]},"1":{"loc":{"start":{"line":772,"column":28},"end":{"line":772,"column":77}},"type":"binary-expr","locations":[{"start":{"line":772,"column":28},"end":{"line":772,"column":33}},{"start":{"line":772,"column":37},"end":{"line":772,"column":51}},{"start":{"line":772,"column":55},"end":{"line":772,"column":77}}]},"2":{"loc":{"start":{"line":773,"column":29},"end":{"line":773,"column":82}},"type":"binary-expr","locations":[{"start":{"line":773,"column":29},"end":{"line":773,"column":35}},{"start":{"line":773,"column":39},"end":{"line":773,"column":54}},{"start":{"line":773,"column":58},"end":{"line":773,"column":82}}]},"3":{"loc":{"start":{"line":774,"column":15},"end":{"line":774,"column":42}},"type":"binary-expr","locations":[{"start":{"line":774,"column":15},"end":{"line":774,"column":26}},{"start":{"line":774,"column":30},"end":{"line":774,"column":42}}]}},"s":{"0":1,"1":1,"2":1,"3":1,"4":2,"5":1,"6":13,"7":6,"8":78,"9":78,"10":78},"f":{"0":2,"1":1,"2":13,"3":6,"4":78},"b":{"0":[2,1],"1":[78,52,39],"2":[78,52,39],"3":[78,53]}}
,"C:\\Users\\marti\\Visual\\App fitness\\mambo\\utils\\routineExport.ts": {"path":"C:\\Users\\marti\\Visual\\App fitness\\mambo\\utils\\routineExport.ts","statementMap":{"0":{"start":{"line":6,"column":0},"end":{"line":6,"column":16}},"1":{"start":{"line":25,"column":0},"end":{"line":25,"column":16}},"2":{"start":{"line":46,"column":0},"end":{"line":46,"column":16}},"3":{"start":{"line":7,"column":23},"end":{"line":18,"column":6}},"4":{"start":{"line":10,"column":48},"end":{"line":15,"column":10}},"5":{"start":{"line":19,"column":4},"end":{"line":19,"column":47}},"6":{"start":{"line":26,"column":15},"end":{"line":26,"column":45}},"7":{"start":{"line":27,"column":4},"end":{"line":29,"column":5}},"8":{"start":{"line":28,"column":8},"end":{"line":28,"column":46}},"9":{"start":{"line":30,"column":4},"end":{"line":30,"column":17}},"10":{"start":{"line":32,"column":4},"end":{"line":37,"column":7}},"11":{"start":{"line":33,"column":8},"end":{"line":33,"column":45}},"12":{"start":{"line":34,"column":8},"end":{"line":34,"column":95}},"13":{"start":{"line":35,"column":8},"end":{"line":35,"column":57}},"14":{"start":{"line":36,"column":8},"end":{"line":36,"column":21}},"15":{"start":{"line":39,"column":4},"end":{"line":39,"column":45}},"16":{"start":{"line":40,"column":4},"end":{"line":40,"column":16}},"17":{"start":{"line":47,"column":4},"end":{"line":69,"column":5}},"18":{"start":{"line":48,"column":21},"end":{"line":48,"column":43}},"19":{"start":{"line":50,"column":8},"end":{"line":52,"column":9}},"20":{"start":{"line":51,"column":12},"end":{"line":51,"column":24}},"21":{"start":{"line":54,"column":8},"end":{"line":65,"column":10}},"22":{"start":{"line":57,"column":56},"end":{"line":64,"column":14}},"23":{"start":{"line":67,"column":8},"end":{"line":67,"column":57}},"24":{"start":{"line":68,"column":8},"end":{"line":68,"column":20}}},"fnMap":{"0":{"name":"exportRoutineAsJSON","decl":{"start":{"line":6,"column":16},"end":{"line":6,"column":35}},"loc":{"start":{"line":6,"column":57},"end":{"line":20,"column":1}}},"1":{"name":"(anonymous_1)","decl":{"start":{"line":10,"column":41},"end":{"line":10,"column":43}},"loc":{"start":{"line":10,"column":48},"end":{"line":15,"column":10}}},"2":{"name":"exportRoutineAsText","decl":{"start":{"line":25,"column":16},"end":{"line":25,"column":35}},"loc":{"start":{"line":25,"column":57},"end":{"line":41,"column":1}}},"3":{"name":"(anonymous_3)","decl":{"start":{"line":32,"column":30},"end":{"line":32,"column":31}},"loc":{"start":{"line":32,"column":44},"end":{"line":37,"column":5}}},"4":{"name":"importRoutineFromJSON","decl":{"start":{"line":46,"column":16},"end":{"line":46,"column":37}},"loc":{"start":{"line":46,"column":56},"end":{"line":70,"column":1}}},"5":{"name":"(anonymous_5)","decl":{"start":{"line":57,"column":42},"end":{"line":57,"column":43}},"loc":{"start":{"line":57,"column":56},"end":{"line":64,"column":14}}}},"branchMap":{"0":{"loc":{"start":{"line":13,"column":26},"end":{"line":13,"column":54}},"type":"binary-expr","locations":[{"start":{"line":13,"column":26},"end":{"line":13,"column":48}},{"start":{"line":13,"column":52},"end":{"line":13,"column":54}}]},"1":{"loc":{"start":{"line":27,"column":4},"end":{"line":29,"column":5}},"type":"if","locations":[{"start":{"line":27,"column":4},"end":{"line":29,"column":5}}]},"2":{"loc":{"start":{"line":34,"column":24},"end":{"line":34,"column":43}},"type":"binary-expr","locations":[{"start":{"line":34,"column":24},"end":{"line":34,"column":38}},{"start":{"line":34,"column":42},"end":{"line":34,"column":43}}]},"3":{"loc":{"start":{"line":34,"column":57},"end":{"line":34,"column":85}},"type":"binary-expr","locations":[{"start":{"line":34,"column":57},"end":{"line":34,"column":79}},{"start":{"line":34,"column":83},"end":{"line":34,"column":85}}]},"4":{"loc":{"start":{"line":35,"column":34},"end":{"line":35,"column":51}},"type":"binary-expr","locations":[{"start":{"line":35,"column":34},"end":{"line":35,"column":45}},{"start":{"line":35,"column":49},"end":{"line":35,"column":51}}]},"5":{"loc":{"start":{"line":50,"column":8},"end":{"line":52,"column":9}},"type":"if","locations":[{"start":{"line":50,"column":8},"end":{"line":52,"column":9}}]},"6":{"loc":{"start":{"line":50,"column":12},"end":{"line":50,"column":75}},"type":"binary-expr","locations":[{"start":{"line":50,"column":12},"end":{"line":50,"column":22}},{"start":{"line":50,"column":26},"end":{"line":50,"column":41}},{"start":{"line":50,"column":45},"end":{"line":50,"column":75}}]},"7":{"loc":{"start":{"line":56,"column":25},"end":{"line":56,"column":47}},"type":"binary-expr","locations":[{"start":{"line":56,"column":25},"end":{"line":56,"column":41}},{"start":{"line":56,"column":45},"end":{"line":56,"column":47}}]},"8":{"loc":{"start":{"line":61,"column":29},"end":{"line":61,"column":48}},"type":"binary-expr","locations":[{"start":{"line":61,"column":29},"end":{"line":61,"column":43}},{"start":{"line":61,"column":47},"end":{"line":61,"column":48}}]},"9":{"loc":{"start":{"line":62,"column":29},"end":{"line":62,"column":49}},"type":"binary-expr","locations":[{"start":{"line":62,"column":29},"end":{"line":62,"column":43}},{"start":{"line":62,"column":47},"end":{"line":62,"column":49}}]},"10":{"loc":{"start":{"line":63,"column":26},"end":{"line":63,"column":43}},"type":"binary-expr","locations":[{"start":{"line":63,"column":26},"end":{"line":63,"column":37}},{"start":{"line":63,"column":41},"end":{"line":63,"column":43}}]}},"s":{"0":1,"1":1,"2":1,"3":1,"4":1,"5":1,"6":1,"7":1,"8":1,"9":1,"10":1,"11":1,"12":1,"13":1,"14":1,"15":1,"16":1,"17":3,"18":3,"19":2,"20":1,"21":1,"22":1,"23":1,"24":1},"f":{"0":1,"1":1,"2":1,"3":1,"4":3,"5":1},"b":{"0":[1,0],"1":[1],"2":[1,0],"3":[1,0],"4":[1,0],"5":[1],"6":[2,1,1],"7":[1,1],"8":[1,0],"9":[1,0],"10":[1,0]}}
,"C:\\Users\\marti\\Visual\\App fitness\\mambo\\utils\\scheduleUtils.ts": {"path":"C:\\Users\\marti\\Visual\\App fitness\\mambo\\utils\\scheduleUtils.ts","statementMap":{"0":{"start":{"line":13,"column":0},"end":{"line":13,"column":16}},"1":{"start":{"line":33,"column":0},"end":{"line":33,"column":16}},"2":{"start":{"line":41,"column":0},"end":{"line":41,"column":16}},"3":{"start":{"line":49,"column":0},"end":{"line":49,"column":16}},"4":{"start":{"line":77,"column":0},"end":{"line":77,"column":16}},"5":{"start":{"line":130,"column":0},"end":{"line":130,"column":16}},"6":{"start":{"line":182,"column":0},"end":{"line":182,"column":16}},"7":{"start":{"line":14,"column":14},"end":{"line":14,"column":28}},"8":{"start":{"line":15,"column":4},"end":{"line":15,"column":27}},"9":{"start":{"line":16,"column":16},"end":{"line":16,"column":26}},"10":{"start":{"line":22,"column":17},"end":{"line":22,"column":41}},"11":{"start":{"line":24,"column":19},"end":{"line":24,"column":30}},"12":{"start":{"line":25,"column":4},"end":{"line":25,"column":39}},"13":{"start":{"line":26,"column":4},"end":{"line":26,"column":18}},"14":{"start":{"line":34,"column":18},"end":{"line":34,"column":31}},"15":{"start":{"line":35,"column":4},"end":{"line":35,"column":39}},"16":{"start":{"line":42,"column":4},"end":{"line":42,"column":31}},"17":{"start":{"line":50,"column":48},"end":{"line":57,"column":6}},"18":{"start":{"line":58,"column":4},"end":{"line":58,"column":63}},"19":{"start":{"line":78,"column":61},"end":{"line":78,"column":67}},"20":{"start":{"line":79,"column":41},"end":{"line":79,"column":43}},"21":{"start":{"line":81,"column":4},"end":{"line":81,"column":49}},"22":{"start":{"line":81,"column":33},"end":{"line":81,"column":49}},"23":{"start":{"line":83,"column":18},"end":{"line":83,"column":28}},"24":{"start":{"line":84,"column":4},"end":{"line":84,"column":31}},"25":{"start":{"line":86,"column":27},"end":{"line":86,"column":57}},"26":{"start":{"line":87,"column":19},"end":{"line":87,"column":41}},"27":{"start":{"line":89,"column":24},"end":{"line":89,"column":58}},"28":{"start":{"line":91,"column":4},"end":{"line":121,"column":5}},"29":{"start":{"line":91,"column":20},"end":{"line":91,"column":21}},"30":{"start":{"line":92,"column":27},"end":{"line":92,"column":28}},"31":{"start":{"line":94,"column":8},"end":{"line":120,"column":9}},"32":{"start":{"line":96,"column":12},"end":{"line":96,"column":40}},"33":{"start":{"line":96,"column":31},"end":{"line":96,"column":40}},"34":{"start":{"line":98,"column":33},"end":{"line":98,"column":49}},"35":{"start":{"line":99,"column":12},"end":{"line":99,"column":76}},"36":{"start":{"line":104,"column":12},"end":{"line":106,"column":13}},"37":{"start":{"line":105,"column":16},"end":{"line":105,"column":25}},"38":{"start":{"line":109,"column":12},"end":{"line":111,"column":13}},"39":{"start":{"line":110,"column":16},"end":{"line":110,"column":25}},"40":{"start":{"line":113,"column":30},"end":{"line":113,"column":74}},"41":{"start":{"line":114,"column":12},"end":{"line":117,"column":15}},"42":{"start":{"line":119,"column":12},"end":{"line":119,"column":27}},"43":{"start":{"line":123,"column":4},"end":{"line":123,"column":20}},"44":{"start":{"line":135,"column":41},"end":{"line":135,"column":43}},"45":{"start":{"line":137,"column":18},"end":{"line":137,"column":28}},"46":{"start":{"line":138,"column":4},"end":{"line":138,"column":31}},"47":{"start":{"line":140,"column":27},"end":{"line":140,"column":57}},"48":{"start":{"line":141,"column":19},"end":{"line":141,"column":41}},"49":{"start":{"line":143,"column":4},"end":{"line":170,"column":5}},"50":{"start":{"line":143,"column":20},"end":{"line":143,"column":21}},"51":{"start":{"line":144,"column":8},"end":{"line":169,"column":9}},"52":{"start":{"line":145,"column":30},"end":{"line":145,"column":62}},"53":{"start":{"line":146,"column":12},"end":{"line":146,"column":37}},"54":{"start":{"line":146,"column":28},"end":{"line":146,"column":37}},"55":{"start":{"line":149,"column":30},"end":{"line":149,"column":47}},"56":{"start":{"line":152,"column":12},"end":{"line":155,"column":13}},"57":{"start":{"line":153,"column":16},"end":{"line":153,"column":82}},"58":{"start":{"line":154,"column":16},"end":{"line":154,"column":25}},"59":{"start":{"line":157,"column":33},"end":{"line":157,"column":49}},"60":{"start":{"line":158,"column":12},"end":{"line":158,"column":76}},"61":{"start":{"line":161,"column":12},"end":{"line":163,"column":13}},"62":{"start":{"line":162,"column":16},"end":{"line":162,"column":25}},"63":{"start":{"line":165,"column":12},"end":{"line":168,"column":15}},"64":{"start":{"line":172,"column":4},"end":{"line":172,"column":95}},"65":{"start":{"line":173,"column":4},"end":{"line":173,"column":20}},"66":{"start":{"line":187,"column":41},"end":{"line":187,"column":43}},"67":{"start":{"line":189,"column":4},"end":{"line":189,"column":78}},"68":{"start":{"line":189,"column":62},"end":{"line":189,"column":78}},"69":{"start":{"line":192,"column":22},"end":{"line":192,"column":86}},"70":{"start":{"line":192,"column":47},"end":{"line":192,"column":63}},"71":{"start":{"line":192,"column":80},"end":{"line":192,"column":85}},"72":{"start":{"line":193,"column":4},"end":{"line":193,"column":48}},"73":{"start":{"line":193,"column":32},"end":{"line":193,"column":48}},"74":{"start":{"line":195,"column":18},"end":{"line":195,"column":28}},"75":{"start":{"line":196,"column":4},"end":{"line":196,"column":31}},"76":{"start":{"line":198,"column":27},"end":{"line":198,"column":57}},"77":{"start":{"line":199,"column":19},"end":{"line":199,"column":41}},"78":{"start":{"line":201,"column":4},"end":{"line":226,"column":5}},"79":{"start":{"line":201,"column":20},"end":{"line":201,"column":21}},"80":{"start":{"line":202,"column":27},"end":{"line":202,"column":28}},"81":{"start":{"line":204,"column":8},"end":{"line":225,"column":9}},"82":{"start":{"line":205,"column":33},"end":{"line":205,"column":49}},"83":{"start":{"line":206,"column":12},"end":{"line":206,"column":76}},"84":{"start":{"line":209,"column":12},"end":{"line":211,"column":13}},"85":{"start":{"line":210,"column":16},"end":{"line":210,"column":25}},"86":{"start":{"line":214,"column":12},"end":{"line":216,"column":13}},"87":{"start":{"line":215,"column":16},"end":{"line":215,"column":25}},"88":{"start":{"line":218,"column":30},"end":{"line":218,"column":74}},"89":{"start":{"line":219,"column":12},"end":{"line":222,"column":15}},"90":{"start":{"line":224,"column":12},"end":{"line":224,"column":27}},"91":{"start":{"line":228,"column":4},"end":{"line":228,"column":104}},"92":{"start":{"line":229,"column":4},"end":{"line":229,"column":20}},"93":{"start":{"line":235,"column":13},"end":{"line":235,"column":68}},"94":{"start":{"line":236,"column":13},"end":{"line":236,"column":94}}},"fnMap":{"0":{"name":"getMondayOfWeek","decl":{"start":{"line":13,"column":16},"end":{"line":13,"column":31}},"loc":{"start":{"line":13,"column":42},"end":{"line":27,"column":1}}},"1":{"name":"getDayOfWeekMondayBased","decl":{"start":{"line":33,"column":16},"end":{"line":33,"column":39}},"loc":{"start":{"line":33,"column":50},"end":{"line":36,"column":1}}},"2":{"name":"isSunday","decl":{"start":{"line":41,"column":16},"end":{"line":41,"column":24}},"loc":{"start":{"line":41,"column":35},"end":{"line":43,"column":1}}},"3":{"name":"getOptimalWorkoutDays","decl":{"start":{"line":49,"column":16},"end":{"line":49,"column":37}},"loc":{"start":{"line":49,"column":57},"end":{"line":59,"column":1}}},"4":{"name":"generateSmartSchedule","decl":{"start":{"line":77,"column":16},"end":{"line":77,"column":37}},"loc":{"start":{"line":77,"column":60},"end":{"line":124,"column":1}}},"5":{"name":"generateScheduleFromPlan","decl":{"start":{"line":130,"column":16},"end":{"line":130,"column":40}},"loc":{"start":{"line":133,"column":31},"end":{"line":174,"column":1}}},"6":{"name":"generateScheduleWithSelectedDays","decl":{"start":{"line":182,"column":16},"end":{"line":182,"column":48}},"loc":{"start":{"line":185,"column":31},"end":{"line":230,"column":1}}},"7":{"name":"(anonymous_7)","decl":{"start":{"line":192,"column":42},"end":{"line":192,"column":43}},"loc":{"start":{"line":192,"column":47},"end":{"line":192,"column":63}}},"8":{"name":"(anonymous_8)","decl":{"start":{"line":192,"column":70},"end":{"line":192,"column":71}},"loc":{"start":{"line":192,"column":80},"end":{"line":192,"column":85}}}},"branchMap":{"0":{"loc":{"start":{"line":22,"column":17},"end":{"line":22,"column":41}},"type":"cond-expr","locations":[{"start":{"line":22,"column":29},"end":{"line":22,"column":31}},{"start":{"line":22,"column":34},"end":{"line":22,"column":41}}]},"1":{"loc":{"start":{"line":35,"column":11},"end":{"line":35,"column":38}},"type":"cond-expr","locations":[{"start":{"line":35,"column":25},"end":{"line":35,"column":26}},{"start":{"line":35,"column":29},"end":{"line":35,"column":38}}]},"2":{"loc":{"start":{"line":58,"column":11},"end":{"line":58,"column":62}},"type":"binary-expr","locations":[{"start":{"line":58,"column":11},"end":{"line":58,"column":46}},{"start":{"line":58,"column":50},"end":{"line":58,"column":62}}]},"3":{"loc":{"start":{"line":78,"column":37},"end":{"line":78,"column":56}},"type":"default-arg","locations":[{"start":{"line":78,"column":55},"end":{"line":78,"column":56}}]},"4":{"loc":{"start":{"line":81,"column":4},"end":{"line":81,"column":49}},"type":"if","locations":[{"start":{"line":81,"column":4},"end":{"line":81,"column":49}}]},"5":{"loc":{"start":{"line":96,"column":12},"end":{"line":96,"column":40}},"type":"if","locations":[{"start":{"line":96,"column":12},"end":{"line":96,"column":40}}]},"6":{"loc":{"start":{"line":104,"column":12},"end":{"line":106,"column":13}},"type":"if","locations":[{"start":{"line":104,"column":12},"end":{"line":106,"column":13}}]},"7":{"loc":{"start":{"line":104,"column":16},"end":{"line":104,"column":56}},"type":"binary-expr","locations":[{"start":{"line":104,"column":16},"end":{"line":104,"column":26}},{"start":{"line":104,"column":30},"end":{"line":104,"column":56}}]},"8":{"loc":{"start":{"line":109,"column":12},"end":{"line":111,"column":13}},"type":"if","locations":[{"start":{"line":109,"column":12},"end":{"line":111,"column":13}}]},"9":{"loc":{"start":{"line":133,"column":4},"end":{"line":133,"column":31}},"type":"default-arg","locations":[{"start":{"line":133,"column":30},"end":{"line":133,"column":31}}]},"10":{"loc":{"start":{"line":146,"column":12},"end":{"line":146,"column":37}},"type":"if","locations":[{"start":{"line":146,"column":12},"end":{"line":146,"column":37}}]},"11":{"loc":{"start":{"line":152,"column":12},"end":{"line":155,"column":13}},"type":"if","locations":[{"start":{"line":152,"column":12},"end":{"line":155,"column":13}}]},"12":{"loc":{"start":{"line":161,"column":12},"end":{"line":163,"column":13}},"type":"if","locations":[{"start":{"line":161,"column":12},"end":{"line":163,"column":13}}]},"13":{"loc":{"start":{"line":161,"column":16},"end":{"line":161,"column":56}},"type":"binary-expr","locations":[{"start":{"line":161,"column":16},"end":{"line":161,"column":26}},{"start":{"line":161,"column":30},"end":{"line":161,"column":56}}]},"14":{"loc":{"start":{"line":185,"column":4},"end":{"line":185,"column":31}},"type":"default-arg","locations":[{"start":{"line":185,"column":30},"end":{"line":185,"column":31}}]},"15":{"loc":{"start":{"line":189,"column":4},"end":{"line":189,"column":78}},"type":"if","locations":[{"start":{"line":189,"column":4},"end":{"line":189,"column":78}}]},"16":{"loc":{"start":{"line":189,"column":8},"end":{"line":189,"column":60}},"type":"binary-expr","locations":[{"start":{"line":189,"column":8},"end":{"line":189,"column":31}},{"start":{"line":189,"column":35},"end":{"line":189,"column":60}}]},"17":{"loc":{"start":{"line":192,"column":47},"end":{"line":192,"column":63}},"type":"binary-expr","locations":[{"start":{"line":192,"column":47},"end":{"line":192,"column":53}},{"start":{"line":192,"column":57},"end":{"line":192,"column":63}}]},"18":{"loc":{"start":{"line":193,"column":4},"end":{"line":193,"column":48}},"type":"if","locations":[{"start":{"line":193,"column":4},"end":{"line":193,"column":48}}]},"19":{"loc":{"start":{"line":209,"column":12},"end":{"line":211,"column":13}},"type":"if","locations":[{"start":{"line":209,"column":12},"end":{"line":211,"column":13}}]},"20":{"loc":{"start":{"line":209,"column":16},"end":{"line":209,"column":56}},"type":"binary-expr","locations":[{"start":{"line":209,"column":16},"end":{"line":209,"column":26}},{"start":{"line":209,"column":30},"end":{"line":209,"column":56}}]},"21":{"loc":{"start":{"line":214,"column":12},"end":{"line":216,"column":13}},"type":"if","locations":[{"start":{"line":214,"column":12},"end":{"line":216,"column":13}}]}},"s":{"0":1,"1":1,"2":1,"3":1,"4":1,"5":1,"6":1,"7":5,"8":5,"9":5,"10":5,"11":5,"12":5,"13":5,"14":4,"15":4,"16":7,"17":4,"18":4,"19":2,"20":2,"21":2,"22":0,"23":2,"24":2,"25":2,"26":2,"27":2,"28":2,"29":2,"30":2,"31":2,"32":6,"33":0,"34":6,"35":6,"36":6,"37":1,"38":5,"39":0,"40":5,"41":5,"42":5,"43":2,"44":0,"45":0,"46":0,"47":0,"48":0,"49":0,"50":0,"51":0,"52":0,"53":0,"54":0,"55":0,"56":0,"57":0,"58":0,"59":0,"60":0,"61":0,"62":0,"63":0,"64":0,"65":0,"66":0,"67":0,"68":0,"69":0,"70":0,"71":0,"72":0,"73":0,"74":0,"75":0,"76":0,"77":0,"78":0,"79":0,"80":0,"81":0,"82":0,"83":0,"84":0,"85":0,"86":0,"87":0,"88":0,"89":0,"90":0,"91":0,"92":0,"93":1,"94":1},"f":{"0":5,"1":4,"2":7,"3":4,"4":2,"5":0,"6":0,"7":0,"8":0},"b":{"0":[1,4],"1":[1,3],"2":[4,0],"3":[0],"4":[0],"5":[0],"6":[1],"7":[6,6],"8":[0],"9":[0],"10":[0],"11":[0],"12":[0],"13":[0,0],"14":[0],"15":[0],"16":[0,0],"17":[0,0],"18":[0],"19":[0],"20":[0,0],"21":[0]}}
,"C:\\Users\\marti\\Visual\\App fitness\\mambo\\utils\\sleepAnalytics.ts": {"path":"C:\\Users\\marti\\Visual\\App fitness\\mambo\\utils\\sleepAnalytics.ts","statementMap":{"0":{"start":{"line":3,"column":0},"end":{"line":3,"column":16}},"1":{"start":{"line":75,"column":0},"end":{"line":75,"column":16}},"2":{"start":{"line":80,"column":0},"end":{"line":80,"column":16}},"3":{"start":{"line":4,"column":4},"end":{"line":12,"column":5}},"4":{"start":{"line":5,"column":8},"end":{"line":11,"column":10}},"5":{"start":{"line":15,"column":26},"end":{"line":15,"column":74}},"6":{"start":{"line":15,"column":52},"end":{"line":15,"column":70}},"7":{"start":{"line":16,"column":25},"end":{"line":16,"column":72}},"8":{"start":{"line":16,"column":51},"end":{"line":16,"column":68}},"9":{"start":{"line":17,"column":24},"end":{"line":17,"column":51}},"10":{"start":{"line":18,"column":23},"end":{"line":18,"column":49}},"11":{"start":{"line":21,"column":26},"end":{"line":21,"column":65}},"12":{"start":{"line":22,"column":22},"end":{"line":24,"column":9}},"13":{"start":{"line":23,"column":8},"end":{"line":23,"column":53}},"14":{"start":{"line":27,"column":25},"end":{"line":27,"column":26}},"15":{"start":{"line":28,"column":4},"end":{"line":42,"column":5}},"16":{"start":{"line":29,"column":8},"end":{"line":41,"column":11}},"17":{"start":{"line":30,"column":28},"end":{"line":30,"column":49}},"18":{"start":{"line":31,"column":29},"end":{"line":31,"column":51}},"19":{"start":{"line":32,"column":30},"end":{"line":32,"column":60}},"20":{"start":{"line":33,"column":31},"end":{"line":33,"column":62}},"21":{"start":{"line":35,"column":32},"end":{"line":35,"column":100}},"22":{"start":{"line":36,"column":33},"end":{"line":36,"column":104}},"23":{"start":{"line":38,"column":12},"end":{"line":40,"column":13}},"24":{"start":{"line":39,"column":16},"end":{"line":39,"column":33}},"25":{"start":{"line":43,"column":24},"end":{"line":43,"column":82}},"26":{"start":{"line":46,"column":17},"end":{"line":46,"column":18}},"27":{"start":{"line":47,"column":4},"end":{"line":59,"column":5}},"28":{"start":{"line":48,"column":27},"end":{"line":49,"column":null}},"29":{"start":{"line":49,"column":12},"end":{"line":49,"column":67}},"30":{"start":{"line":52,"column":8},"end":{"line":58,"column":9}},"31":{"start":{"line":53,"column":12},"end":{"line":57,"column":13}},"32":{"start":{"line":54,"column":16},"end":{"line":54,"column":25}},"33":{"start":{"line":56,"column":16},"end":{"line":56,"column":22}},"34":{"start":{"line":61,"column":4},"end":{"line":67,"column":6}},"35":{"start":{"line":71,"column":29},"end":{"line":71,"column":59}},"36":{"start":{"line":72,"column":4},"end":{"line":72,"column":32}},"37":{"start":{"line":76,"column":26},"end":{"line":76,"column":42}},"38":{"start":{"line":77,"column":4},"end":{"line":77,"column":80}},"39":{"start":{"line":77,"column":38},"end":{"line":77,"column":75}},"40":{"start":{"line":81,"column":4},"end":{"line":81,"column":36}},"41":{"start":{"line":81,"column":25},"end":{"line":81,"column":36}},"42":{"start":{"line":83,"column":21},"end":{"line":86,"column":6}},"43":{"start":{"line":84,"column":20},"end":{"line":84,"column":41}},"44":{"start":{"line":85,"column":8},"end":{"line":85,"column":54}},"45":{"start":{"line":88,"column":22},"end":{"line":91,"column":6}},"46":{"start":{"line":89,"column":21},"end":{"line":89,"column":43}},"47":{"start":{"line":90,"column":8},"end":{"line":90,"column":56}},"48":{"start":{"line":93,"column":24},"end":{"line":93,"column":51}},"49":{"start":{"line":94,"column":25},"end":{"line":94,"column":53}},"50":{"start":{"line":98,"column":24},"end":{"line":98,"column":56}},"51":{"start":{"line":99,"column":24},"end":{"line":99,"column":68}},"52":{"start":{"line":101,"column":4},"end":{"line":101,"column":35}},"53":{"start":{"line":105,"column":16},"end":{"line":105,"column":73}},"54":{"start":{"line":105,"column":44},"end":{"line":105,"column":53}},"55":{"start":{"line":106,"column":25},"end":{"line":106,"column":66}},"56":{"start":{"line":106,"column":43},"end":{"line":106,"column":65}},"57":{"start":{"line":107,"column":21},"end":{"line":107,"column":84}},"58":{"start":{"line":107,"column":55},"end":{"line":107,"column":64}},"59":{"start":{"line":108,"column":4},"end":{"line":108,"column":31}}},"fnMap":{"0":{"name":"calculateSleepStats","decl":{"start":{"line":3,"column":16},"end":{"line":3,"column":35}},"loc":{"start":{"line":3,"column":78},"end":{"line":68,"column":1}}},"1":{"name":"(anonymous_1)","decl":{"start":{"line":15,"column":38},"end":{"line":15,"column":39}},"loc":{"start":{"line":15,"column":52},"end":{"line":15,"column":70}}},"2":{"name":"(anonymous_2)","decl":{"start":{"line":16,"column":37},"end":{"line":16,"column":38}},"loc":{"start":{"line":16,"column":51},"end":{"line":16,"column":68}}},"3":{"name":"(anonymous_3)","decl":{"start":{"line":22,"column":34},"end":{"line":22,"column":35}},"loc":{"start":{"line":22,"column":48},"end":{"line":24,"column":5}}},"4":{"name":"(anonymous_4)","decl":{"start":{"line":29,"column":21},"end":{"line":29,"column":22}},"loc":{"start":{"line":29,"column":29},"end":{"line":41,"column":9}}},"5":{"name":"(anonymous_5)","decl":{"start":{"line":48,"column":42},"end":{"line":48,"column":43}},"loc":{"start":{"line":49,"column":12},"end":{"line":49,"column":67}}},"6":{"name":"parseTime","decl":{"start":{"line":70,"column":9},"end":{"line":70,"column":18}},"loc":{"start":{"line":70,"column":34},"end":{"line":73,"column":1}}},"7":{"name":"calculateSleepDebt","decl":{"start":{"line":75,"column":16},"end":{"line":75,"column":34}},"loc":{"start":{"line":75,"column":72},"end":{"line":78,"column":1}}},"8":{"name":"(anonymous_8)","decl":{"start":{"line":77,"column":23},"end":{"line":77,"column":24}},"loc":{"start":{"line":77,"column":38},"end":{"line":77,"column":75}}},"9":{"name":"calculateConsistency","decl":{"start":{"line":80,"column":16},"end":{"line":80,"column":36}},"loc":{"start":{"line":80,"column":53},"end":{"line":102,"column":1}}},"10":{"name":"(anonymous_10)","decl":{"start":{"line":83,"column":30},"end":{"line":83,"column":33}},"loc":{"start":{"line":83,"column":36},"end":{"line":86,"column":5}}},"11":{"name":"(anonymous_11)","decl":{"start":{"line":88,"column":31},"end":{"line":88,"column":34}},"loc":{"start":{"line":88,"column":37},"end":{"line":91,"column":5}}},"12":{"name":"calculateVariance","decl":{"start":{"line":104,"column":9},"end":{"line":104,"column":26}},"loc":{"start":{"line":104,"column":43},"end":{"line":109,"column":1}}},"13":{"name":"(anonymous_13)","decl":{"start":{"line":105,"column":30},"end":{"line":105,"column":31}},"loc":{"start":{"line":105,"column":44},"end":{"line":105,"column":53}}},"14":{"name":"(anonymous_14)","decl":{"start":{"line":106,"column":36},"end":{"line":106,"column":39}},"loc":{"start":{"line":106,"column":43},"end":{"line":106,"column":65}}},"15":{"name":"(anonymous_15)","decl":{"start":{"line":107,"column":41},"end":{"line":107,"column":42}},"loc":{"start":{"line":107,"column":55},"end":{"line":107,"column":64}}}},"branchMap":{"0":{"loc":{"start":{"line":4,"column":4},"end":{"line":12,"column":5}},"type":"if","locations":[{"start":{"line":4,"column":4},"end":{"line":12,"column":5}}]},"1":{"loc":{"start":{"line":21,"column":26},"end":{"line":21,"column":65}},"type":"cond-expr","locations":[{"start":{"line":21,"column":34},"end":{"line":21,"column":56}},{"start":{"line":21,"column":59},"end":{"line":21,"column":65}}]},"2":{"loc":{"start":{"line":28,"column":4},"end":{"line":42,"column":5}},"type":"if","locations":[{"start":{"line":28,"column":4},"end":{"line":42,"column":5}}]},"3":{"loc":{"start":{"line":38,"column":12},"end":{"line":40,"column":13}},"type":"if","locations":[{"start":{"line":38,"column":12},"end":{"line":40,"column":13}}]},"4":{"loc":{"start":{"line":38,"column":16},"end":{"line":38,"column":55}},"type":"binary-expr","locations":[{"start":{"line":38,"column":16},"end":{"line":38,"column":33}},{"start":{"line":38,"column":37},"end":{"line":38,"column":55}}]},"5":{"loc":{"start":{"line":43,"column":24},"end":{"line":43,"column":82}},"type":"cond-expr","locations":[{"start":{"line":43,"column":42},"end":{"line":43,"column":78}},{"start":{"line":43,"column":81},"end":{"line":43,"column":82}}]},"6":{"loc":{"start":{"line":47,"column":4},"end":{"line":59,"column":5}},"type":"if","locations":[{"start":{"line":47,"column":4},"end":{"line":59,"column":5}}]},"7":{"loc":{"start":{"line":53,"column":12},"end":{"line":57,"column":13}},"type":"if","locations":[{"start":{"line":53,"column":12},"end":{"line":57,"column":13}},{"start":{"line":55,"column":19},"end":{"line":57,"column":13}}]},"8":{"loc":{"start":{"line":53,"column":16},"end":{"line":53,"column":65}},"type":"binary-expr","locations":[{"start":{"line":53,"column":16},"end":{"line":53,"column":45}},{"start":{"line":53,"column":49},"end":{"line":53,"column":65}}]},"9":{"loc":{"start":{"line":81,"column":4},"end":{"line":81,"column":36}},"type":"if","locations":[{"start":{"line":81,"column":4},"end":{"line":81,"column":36}}]}},"s":{"0":1,"1":1,"2":1,"3":5,"4":1,"5":4,"6":9,"7":4,"8":9,"9":4,"10":4,"11":4,"12":4,"13":9,"14":4,"15":4,"16":4,"17":9,"18":9,"19":9,"20":9,"21":9,"22":9,"23":9,"24":7,"25":4,"26":4,"27":4,"28":4,"29":5,"30":4,"31":6,"32":2,"33":4,"34":4,"35":18,"36":18,"37":2,"38":2,"39":2,"40":4,"41":2,"42":2,"43":5,"44":5,"45":2,"46":5,"47":5,"48":2,"49":2,"50":2,"51":2,"52":2,"53":4,"54":10,"55":4,"56":10,"57":4,"58":10,"59":4},"f":{"0":5,"1":9,"2":9,"3":9,"4":9,"5":5,"6":18,"7":2,"8":2,"9":4,"10":5,"11":5,"12":4,"13":10,"14":10,"15":10},"b":{"0":[1],"1":[4,0],"2":[4],"3":[7],"4":[9,9],"5":[4,0],"6":[4],"7":[2,4],"8":[6,3],"9":[2]}}
,"C:\\Users\\marti\\Visual\\App fitness\\mambo\\utils\\sleepScoring.ts": {"path":"C:\\Users\\marti\\Visual\\App fitness\\mambo\\utils\\sleepScoring.ts","statementMap":{"0":{"start":{"line":7,"column":0},"end":{"line":7,"column":16}},"1":{"start":{"line":56,"column":0},"end":{"line":56,"column":16}},"2":{"start":{"line":13,"column":26},"end":{"line":13,"column":56}},"3":{"start":{"line":14,"column":26},"end":{"line":14,"column":69}},"4":{"start":{"line":15,"column":24},"end":{"line":15,"column":25}},"5":{"start":{"line":17,"column":4},"end":{"line":24,"column":5}},"6":{"start":{"line":18,"column":8},"end":{"line":18,"column":28}},"7":{"start":{"line":19,"column":11},"end":{"line":24,"column":5}},"8":{"start":{"line":20,"column":8},"end":{"line":20,"column":52}},"9":{"start":{"line":23,"column":8},"end":{"line":23,"column":58}},"10":{"start":{"line":27,"column":26},"end":{"line":27,"column":29}},"11":{"start":{"line":28,"column":4},"end":{"line":40,"column":5}},"12":{"start":{"line":29,"column":35},"end":{"line":29,"column":77}},"13":{"start":{"line":30,"column":24},"end":{"line":30,"column":45}},"14":{"start":{"line":31,"column":24},"end":{"line":31,"column":42}},"15":{"start":{"line":32,"column":24},"end":{"line":32,"column":44}},"16":{"start":{"line":35,"column":19},"end":{"line":35,"column":80}},"17":{"start":{"line":36,"column":8},"end":{"line":36,"column":43}},"18":{"start":{"line":36,"column":24},"end":{"line":36,"column":43}},"19":{"start":{"line":39,"column":8},"end":{"line":39,"column":54}},"20":{"start":{"line":44,"column":24},"end":{"line":44,"column":47}},"21":{"start":{"line":45,"column":25},"end":{"line":45,"column":54}},"22":{"start":{"line":46,"column":25},"end":{"line":46,"column":64}},"23":{"start":{"line":48,"column":23},"end":{"line":48,"column":93}},"24":{"start":{"line":50,"column":4},"end":{"line":50,"column":62}},"25":{"start":{"line":59,"column":4},"end":{"line":59,"column":81}},"26":{"start":{"line":59,"column":67},"end":{"line":59,"column":81}},"27":{"start":{"line":61,"column":4},"end":{"line":61,"column":76}},"28":{"start":{"line":61,"column":62},"end":{"line":61,"column":76}},"29":{"start":{"line":62,"column":4},"end":{"line":62,"column":51}},"30":{"start":{"line":62,"column":37},"end":{"line":62,"column":51}},"31":{"start":{"line":65,"column":4},"end":{"line":65,"column":18}}},"fnMap":{"0":{"name":"calculateSleepScore","decl":{"start":{"line":7,"column":16},"end":{"line":7,"column":35}},"loc":{"start":{"line":10,"column":27},"end":{"line":51,"column":1}}},"1":{"name":"getChronotype","decl":{"start":{"line":56,"column":16},"end":{"line":56,"column":29}},"loc":{"start":{"line":56,"column":55},"end":{"line":69,"column":1}}}},"branchMap":{"0":{"loc":{"start":{"line":10,"column":4},"end":{"line":10,"column":27}},"type":"default-arg","locations":[{"start":{"line":10,"column":26},"end":{"line":10,"column":27}}]},"1":{"loc":{"start":{"line":13,"column":27},"end":{"line":13,"column":50}},"type":"binary-expr","locations":[{"start":{"line":13,"column":27},"end":{"line":13,"column":45}},{"start":{"line":13,"column":49},"end":{"line":13,"column":50}}]},"2":{"loc":{"start":{"line":17,"column":4},"end":{"line":24,"column":5}},"type":"if","locations":[{"start":{"line":17,"column":4},"end":{"line":24,"column":5}},{"start":{"line":19,"column":11},"end":{"line":24,"column":5}}]},"3":{"loc":{"start":{"line":17,"column":8},"end":{"line":17,"column":52}},"type":"binary-expr","locations":[{"start":{"line":17,"column":8},"end":{"line":17,"column":28}},{"start":{"line":17,"column":32},"end":{"line":17,"column":52}}]},"4":{"loc":{"start":{"line":19,"column":11},"end":{"line":24,"column":5}},"type":"if","locations":[{"start":{"line":19,"column":11},"end":{"line":24,"column":5}},{"start":{"line":21,"column":11},"end":{"line":24,"column":5}}]},"5":{"loc":{"start":{"line":28,"column":4},"end":{"line":40,"column":5}},"type":"if","locations":[{"start":{"line":28,"column":4},"end":{"line":40,"column":5}}]},"6":{"loc":{"start":{"line":36,"column":8},"end":{"line":36,"column":43}},"type":"if","locations":[{"start":{"line":36,"column":8},"end":{"line":36,"column":43}}]},"7":{"loc":{"start":{"line":59,"column":4},"end":{"line":59,"column":81}},"type":"if","locations":[{"start":{"line":59,"column":4},"end":{"line":59,"column":81}}]},"8":{"loc":{"start":{"line":59,"column":8},"end":{"line":59,"column":65}},"type":"binary-expr","locations":[{"start":{"line":59,"column":8},"end":{"line":59,"column":35}},{"start":{"line":59,"column":39},"end":{"line":59,"column":65}}]},"9":{"loc":{"start":{"line":61,"column":4},"end":{"line":61,"column":76}},"type":"if","locations":[{"start":{"line":61,"column":4},"end":{"line":61,"column":76}}]},"10":{"loc":{"start":{"line":61,"column":8},"end":{"line":61,"column":60}},"type":"binary-expr","locations":[{"start":{"line":61,"column":8},"end":{"line":61,"column":30}},{"start":{"line":61,"column":34},"end":{"line":61,"column":60}}]},"11":{"loc":{"start":{"line":62,"column":4},"end":{"line":62,"column":51}},"type":"if","locations":[{"start":{"line":62,"column":4},"end":{"line":62,"column":51}}]}},"s":{"0":1,"1":1,"2":4,"3":4,"4":4,"5":4,"6":3,"7":1,"8":1,"9":0,"10":4,"11":4,"12":4,"13":4,"14":4,"15":4,"16":4,"17":4,"18":1,"19":4,"20":4,"21":4,"22":4,"23":4,"24":4,"25":3,"26":1,"27":2,"28":1,"29":1,"30":0,"31":1},"f":{"0":4,"1":3},"b":{"0":[0],"1":[4,0],"2":[3,1],"3":[4,3],"4":[1,0],"5":[4],"6":[1],"7":[1],"8":[3,2],"9":[1],"10":[2,2],"11":[0]}}
,"C:\\Users\\marti\\Visual\\App fitness\\mambo\\utils\\streakUtils.ts": {"path":"C:\\Users\\marti\\Visual\\App fitness\\mambo\\utils\\streakUtils.ts","statementMap":{"0":{"start":{"line":7,"column":0},"end":{"line":7,"column":16}},"1":{"start":{"line":17,"column":0},"end":{"line":17,"column":16}},"2":{"start":{"line":24,"column":0},"end":{"line":24,"column":16}},"3":{"start":{"line":8,"column":4},"end":{"line":11,"column":52}},"4":{"start":{"line":18,"column":4},"end":{"line":18,"column":61}},"5":{"start":{"line":29,"column":4},"end":{"line":37,"column":5}},"6":{"start":{"line":30,"column":8},"end":{"line":34,"column":9}},"7":{"start":{"line":31,"column":12},"end":{"line":31,"column":37}},"8":{"start":{"line":33,"column":12},"end":{"line":33,"column":21}},"9":{"start":{"line":36,"column":8},"end":{"line":36,"column":17}}},"fnMap":{"0":{"name":"isNutritionGoalHit","decl":{"start":{"line":7,"column":16},"end":{"line":7,"column":34}},"loc":{"start":{"line":7,"column":76},"end":{"line":12,"column":1}}},"1":{"name":"isCleanEatingHit","decl":{"start":{"line":17,"column":16},"end":{"line":17,"column":32}},"loc":{"start":{"line":17,"column":74},"end":{"line":19,"column":1}}},"2":{"name":"calculateNewStreak","decl":{"start":{"line":24,"column":16},"end":{"line":24,"column":34}},"loc":{"start":{"line":27,"column":25},"end":{"line":38,"column":1}}}},"branchMap":{"0":{"loc":{"start":{"line":8,"column":11},"end":{"line":11,"column":51}},"type":"binary-expr","locations":[{"start":{"line":8,"column":11},"end":{"line":8,"column":61}},{"start":{"line":9,"column":8},"end":{"line":9,"column":57}},{"start":{"line":10,"column":8},"end":{"line":10,"column":53}},{"start":{"line":11,"column":8},"end":{"line":11,"column":51}}]},"1":{"loc":{"start":{"line":29,"column":4},"end":{"line":37,"column":5}},"type":"if","locations":[{"start":{"line":29,"column":4},"end":{"line":37,"column":5}},{"start":{"line":35,"column":11},"end":{"line":37,"column":5}}]},"2":{"loc":{"start":{"line":30,"column":8},"end":{"line":34,"column":9}},"type":"if","locations":[{"start":{"line":30,"column":8},"end":{"line":34,"column":9}},{"start":{"line":32,"column":15},"end":{"line":34,"column":9}}]}},"s":{"0":1,"1":1,"2":1,"3":2,"4":0,"5":3,"6":2,"7":1,"8":1,"9":1},"f":{"0":2,"1":0,"2":3},"b":{"0":[2,1,1,1],"1":[2,1],"2":[1,1]}}
,"C:\\Users\\marti\\Visual\\App fitness\\mambo\\utils\\time.ts": {"path":"C:\\Users\\marti\\Visual\\App fitness\\mambo\\utils\\time.ts","statementMap":{"0":{"start":{"line":4,"column":0},"end":{"line":4,"column":16}},"1":{"start":{"line":5,"column":14},"end":{"line":5,"column":40}},"2":{"start":{"line":6,"column":14},"end":{"line":6,"column":47}},"3":{"start":{"line":7,"column":14},"end":{"line":7,"column":38}},"4":{"start":{"line":9,"column":4},"end":{"line":11,"column":5}},"5":{"start":{"line":10,"column":8},"end":{"line":10,"column":88}},"6":{"start":{"line":12,"column":4},"end":{"line":12,"column":51}}},"fnMap":{"0":{"name":"formatTime","decl":{"start":{"line":4,"column":16},"end":{"line":4,"column":26}},"loc":{"start":{"line":4,"column":42},"end":{"line":13,"column":1}}}},"branchMap":{"0":{"loc":{"start":{"line":9,"column":4},"end":{"line":11,"column":5}},"type":"if","locations":[{"start":{"line":9,"column":4},"end":{"line":11,"column":5}}]}},"s":{"0":1,"1":8,"2":8,"3":8,"4":8,"5":3,"6":5},"f":{"0":8},"b":{"0":[3]}}
,"C:\\Users\\marti\\Visual\\App fitness\\mambo\\utils\\workoutMath.ts": {"path":"C:\\Users\\marti\\Visual\\App fitness\\mambo\\utils\\workoutMath.ts","statementMap":{"0":{"start":{"line":9,"column":0},"end":{"line":9,"column":16}},"1":{"start":{"line":18,"column":0},"end":{"line":18,"column":16}},"2":{"start":{"line":10,"column":4},"end":{"line":10,"column":43}},"3":{"start":{"line":10,"column":34},"end":{"line":10,"column":43}},"4":{"start":{"line":11,"column":4},"end":{"line":11,"column":34}},"5":{"start":{"line":11,"column":20},"end":{"line":11,"column":34}},"6":{"start":{"line":12,"column":4},"end":{"line":12,"column":48}},"7":{"start":{"line":19,"column":4},"end":{"line":19,"column":25}}},"fnMap":{"0":{"name":"calculateOneRM","decl":{"start":{"line":9,"column":16},"end":{"line":9,"column":30}},"loc":{"start":{"line":9,"column":59},"end":{"line":13,"column":1}}},"1":{"name":"calculateVolume","decl":{"start":{"line":18,"column":16},"end":{"line":18,"column":31}},"loc":{"start":{"line":18,"column":60},"end":{"line":20,"column":1}}}},"branchMap":{"0":{"loc":{"start":{"line":10,"column":4},"end":{"line":10,"column":43}},"type":"if","locations":[{"start":{"line":10,"column":4},"end":{"line":10,"column":43}}]},"1":{"loc":{"start":{"line":10,"column":8},"end":{"line":10,"column":32}},"type":"binary-expr","locations":[{"start":{"line":10,"column":8},"end":{"line":10,"column":19}},{"start":{"line":10,"column":23},"end":{"line":10,"column":32}}]},"2":{"loc":{"start":{"line":11,"column":4},"end":{"line":11,"column":34}},"type":"if","locations":[{"start":{"line":11,"column":4},"end":{"line":11,"column":34}}]}},"s":{"0":1,"1":1,"2":6,"3":3,"4":3,"5":1,"6":2,"7":2},"f":{"0":6,"1":2},"b":{"0":[3],"1":[6,4],"2":[1]}}
}
