TN:
SF:utils\WeaknessAnalyzer.ts
FN:11,(anonymous_0)
FN:23,(anonymous_1)
FN:24,(anonymous_2)
FN:27,(anonymous_3)
FN:28,(anonymous_4)
FN:31,(anonymous_5)
FN:32,(anonymous_6)
FN:56,(anonymous_7)
FNF:8
FNH:8
FNDA:4,(anonymous_0)
FNDA:12,(anonymous_1)
FNDA:4,(anonymous_2)
FNDA:12,(anonymous_3)
FNDA:4,(anonymous_4)
FNDA:12,(anonymous_5)
FNDA:4,(anonymous_6)
FNDA:12,(anonymous_7)
DA:1,1
DA:11,1
DA:12,4
DA:13,4
DA:14,4
DA:15,4
DA:18,4
DA:19,4
DA:20,4
DA:22,4
DA:23,12
DA:24,4
DA:26,4
DA:27,12
DA:28,4
DA:30,4
DA:31,12
DA:32,4
DA:34,4
DA:35,4
DA:36,4
DA:37,1
DA:44,3
DA:45,1
DA:56,12
DA:58,4
DA:59,1
DA:69,4
DA:70,1
DA:79,4
LF:30
LH:30
BRDA:34,0,0,4
BRDA:34,1,0,4
BRDA:34,1,1,4
BRDA:36,2,0,1
BRDA:36,2,1,3
BRDA:44,3,0,1
BRDA:58,4,0,1
BRDA:58,5,0,4
BRDA:58,5,1,4
BRDA:69,6,0,1
BRF:10
BRH:10
end_of_record
TN:
SF:utils\accessibility.ts
FN:11,(anonymous_0)
FN:22,(anonymous_1)
FN:33,(anonymous_2)
FN:42,(anonymous_3)
FN:53,(anonymous_4)
FN:62,(anonymous_5)
FN:72,(anonymous_6)
FNF:7
FNH:7
FNDA:2,(anonymous_0)
FNDA:2,(anonymous_1)
FNDA:1,(anonymous_2)
FNDA:2,(anonymous_3)
FNDA:1,(anonymous_4)
FNDA:2,(anonymous_5)
FNDA:1,(anonymous_6)
DA:7,1
DA:11,2
DA:22,2
DA:33,1
DA:42,2
DA:53,1
DA:62,2
DA:72,1
LF:8
LH:8
BRDA:22,0,0,1
BRDA:47,1,0,1
BRDA:47,1,1,1
BRF:3
BRH:3
end_of_record
TN:
SF:utils\dateUtils.ts
FN:8,getLocalDateString
FN:18,parseLocalDate
FN:26,formatSpanishDate
FNF:3
FNH:3
FNDA:2,getLocalDateString
FNDA:2,parseLocalDate
FNDA:1,formatSpanishDate
DA:8,1
DA:9,2
DA:10,2
DA:11,2
DA:12,2
DA:18,1
DA:19,2
DA:20,2
DA:26,1
DA:31,1
DA:32,1
LF:11
LH:11
BRDA:8,0,0,0
BRDA:26,1,0,1
BRF:2
BRH:1
end_of_record
TN:
SF:utils\exportUtils.ts
FN:5,(anonymous_9)
FN:26,(anonymous_10)
FN:35,(anonymous_11)
FNF:3
FNH:2
FNDA:3,(anonymous_9)
FNDA:2,(anonymous_10)
FNDA:0,(anonymous_11)
DA:1,1
DA:2,1
DA:3,1
DA:5,1
DA:6,3
DA:7,3
DA:12,2
DA:13,2
DA:14,1
DA:18,1
DA:21,1
DA:22,1
DA:26,1
DA:27,2
DA:28,2
DA:29,2
DA:31,1
DA:37,0
DA:43,0
LF:19
LH:17
BRDA:13,0,0,1
BRDA:13,0,1,1
BRDA:29,1,0,1
BRF:3
BRH:3
end_of_record
TN:
SF:utils\nutrition.ts
FN:6,calculateBMR
FN:27,calculateTDEE
FN:45,calculateCalorieGoal
FN:54,calculateMacros
FN:104,getObjectiveDisplayName
FN:118,getObjectiveDescription
FN:132,getActivityLevelDisplayName
FN:145,getActivityLevelDescription
FNF:8
FNH:4
FNDA:2,calculateBMR
FNDA:2,calculateTDEE
FNDA:2,calculateCalorieGoal
FNDA:1,calculateMacros
FNDA:0,getObjectiveDisplayName
FNDA:0,getObjectiveDescription
FNDA:0,getActivityLevelDisplayName
FNDA:0,getActivityLevelDescription
DA:6,1
DA:7,2
DA:8,1
DA:10,1
DA:17,1
DA:27,1
DA:28,2
DA:34,1
DA:45,1
DA:46,2
DA:47,2
DA:54,1
DA:63,1
DA:65,0
DA:66,0
DA:67,0
DA:69,0
DA:70,0
DA:71,0
DA:73,1
DA:74,1
DA:75,1
DA:77,0
DA:78,0
DA:79,0
DA:81,0
DA:82,0
DA:83,0
DA:87,1
DA:88,1
DA:91,1
DA:92,1
DA:95,1
DA:96,1
DA:98,1
DA:104,1
DA:105,0
DA:112,0
DA:118,1
DA:119,0
DA:126,0
DA:132,1
DA:133,0
DA:139,0
DA:145,1
DA:146,0
DA:152,0
LF:47
LH:27
BRDA:7,0,0,1
BRDA:7,0,1,1
BRDA:63,1,0,0
BRDA:63,1,1,0
BRDA:63,1,2,1
BRDA:63,1,3,0
BRDA:63,1,4,0
BRF:7
BRH:3
end_of_record
TN:
SF:utils\planExport.ts
FN:9,exportMealPlanJSON
FN:31,exportRoutineJSON
FN:53,exportMealPlanText
FN:57,(anonymous_12)
FN:61,(anonymous_13)
FN:69,(anonymous_14)
FN:82,(anonymous_15)
FN:83,(anonymous_16)
FN:84,(anonymous_17)
FN:85,(anonymous_18)
FN:109,exportRoutineText
FN:119,(anonymous_20)
FN:151,importMealPlanJSON
FN:161,(anonymous_22)
FN:176,importRoutineJSON
FNF:15
FNH:15
FNDA:1,exportMealPlanJSON
FNDA:1,exportRoutineJSON
FNDA:1,exportMealPlanText
FNDA:1,(anonymous_12)
FNDA:1,(anonymous_13)
FNDA:2,(anonymous_14)
FNDA:1,(anonymous_15)
FNDA:1,(anonymous_16)
FNDA:1,(anonymous_17)
FNDA:1,(anonymous_18)
FNDA:1,exportRoutineText
FNDA:1,(anonymous_20)
FNDA:3,importMealPlanJSON
FNDA:1,(anonymous_22)
FNDA:2,importRoutineJSON
DA:1,1
DA:2,1
DA:9,1
DA:10,1
DA:11,1
DA:12,1
DA:13,1
DA:15,1
DA:16,1
DA:21,1
DA:23,0
DA:24,0
DA:31,1
DA:32,1
DA:33,1
DA:34,1
DA:35,1
DA:37,1
DA:38,1
DA:43,1
DA:45,0
DA:46,0
DA:53,1
DA:54,1
DA:55,1
DA:57,1
DA:58,1
DA:59,1
DA:61,1
DA:62,1
DA:63,1
DA:64,1
DA:65,1
DA:67,1
DA:68,1
DA:69,1
DA:70,2
DA:74,1
DA:75,0
DA:78,1
DA:82,1
DA:83,1
DA:84,1
DA:85,1
DA:87,1
DA:90,1
DA:91,1
DA:93,1
DA:94,1
DA:99,1
DA:101,0
DA:102,0
DA:109,1
DA:110,1
DA:111,1
DA:113,1
DA:114,0
DA:117,1
DA:119,1
DA:120,1
DA:121,1
DA:122,1
DA:123,1
DA:124,1
DA:126,1
DA:127,1
DA:129,1
DA:132,1
DA:133,1
DA:135,1
DA:136,1
DA:141,1
DA:143,0
DA:144,0
DA:151,1
DA:152,3
DA:153,3
DA:156,2
DA:157,1
DA:161,1
DA:166,1
DA:168,2
DA:169,2
DA:176,1
DA:177,2
DA:178,2
DA:181,2
DA:182,1
DA:186,1
DA:191,1
DA:193,1
DA:194,1
LF:92
LH:82
BRDA:67,0,0,1
BRDA:74,1,0,0
BRDA:113,2,0,0
BRDA:123,3,0,1
BRDA:126,4,0,1
BRDA:156,5,0,1
BRDA:181,6,0,1
BRDA:181,7,0,2
BRDA:181,7,1,1
BRDA:181,7,2,1
BRDA:188,8,0,1
BRDA:188,8,1,0
BRF:12
BRH:9
end_of_record
TN:
SF:utils\planTemplates.ts
FN:749,getWorkoutTemplate
FN:756,listWorkoutTemplates
FN:757,(anonymous_2)
FN:770,filterTemplates
FN:771,(anonymous_4)
FNF:5
FNH:5
FNDA:2,getWorkoutTemplate
FNDA:1,listWorkoutTemplates
FNDA:13,(anonymous_2)
FNDA:6,filterTemplates
FNDA:78,(anonymous_4)
DA:29,1
DA:749,1
DA:750,2
DA:756,1
DA:757,13
DA:770,1
DA:771,6
DA:772,78
DA:773,78
DA:774,78
LF:10
LH:10
BRDA:750,0,0,2
BRDA:750,0,1,1
BRDA:772,1,0,78
BRDA:772,1,1,52
BRDA:772,1,2,39
BRDA:773,2,0,78
BRDA:773,2,1,52
BRDA:773,2,2,39
BRDA:774,3,0,78
BRDA:774,3,1,53
BRF:10
BRH:10
end_of_record
TN:
SF:utils\routineExport.ts
FN:6,exportRoutineAsJSON
FN:10,(anonymous_1)
FN:25,exportRoutineAsText
FN:32,(anonymous_3)
FN:46,importRoutineFromJSON
FN:57,(anonymous_5)
FNF:6
FNH:6
FNDA:1,exportRoutineAsJSON
FNDA:1,(anonymous_1)
FNDA:1,exportRoutineAsText
FNDA:1,(anonymous_3)
FNDA:3,importRoutineFromJSON
FNDA:1,(anonymous_5)
DA:6,1
DA:7,1
DA:10,1
DA:19,1
DA:25,1
DA:26,1
DA:27,1
DA:28,1
DA:30,1
DA:32,1
DA:33,1
DA:34,1
DA:35,1
DA:36,1
DA:39,1
DA:40,1
DA:46,1
DA:47,3
DA:48,3
DA:50,2
DA:51,1
DA:54,1
DA:57,1
DA:67,1
DA:68,1
LF:25
LH:25
BRDA:13,0,0,1
BRDA:13,0,1,0
BRDA:27,1,0,1
BRDA:34,2,0,1
BRDA:34,2,1,0
BRDA:34,3,0,1
BRDA:34,3,1,0
BRDA:35,4,0,1
BRDA:35,4,1,0
BRDA:50,5,0,1
BRDA:50,6,0,2
BRDA:50,6,1,1
BRDA:50,6,2,1
BRDA:56,7,0,1
BRDA:56,7,1,1
BRDA:61,8,0,1
BRDA:61,8,1,0
BRDA:62,9,0,1
BRDA:62,9,1,0
BRDA:63,10,0,1
BRDA:63,10,1,0
BRF:21
BRH:14
end_of_record
TN:
SF:utils\scheduleUtils.ts
FN:13,getMondayOfWeek
FN:33,getDayOfWeekMondayBased
FN:41,isSunday
FN:49,getOptimalWorkoutDays
FN:77,generateSmartSchedule
FN:130,generateScheduleFromPlan
FN:182,generateScheduleWithSelectedDays
FN:192,(anonymous_7)
FN:192,(anonymous_8)
FNF:9
FNH:5
FNDA:5,getMondayOfWeek
FNDA:4,getDayOfWeekMondayBased
FNDA:7,isSunday
FNDA:4,getOptimalWorkoutDays
FNDA:2,generateSmartSchedule
FNDA:0,generateScheduleFromPlan
FNDA:0,generateScheduleWithSelectedDays
FNDA:0,(anonymous_7)
FNDA:0,(anonymous_8)
DA:13,1
DA:14,5
DA:15,5
DA:16,5
DA:22,5
DA:24,5
DA:25,5
DA:26,5
DA:33,1
DA:34,4
DA:35,4
DA:41,1
DA:42,7
DA:49,1
DA:50,4
DA:58,4
DA:77,1
DA:78,2
DA:79,2
DA:81,2
DA:83,2
DA:84,2
DA:86,2
DA:87,2
DA:89,2
DA:91,2
DA:92,2
DA:94,2
DA:96,6
DA:98,6
DA:99,6
DA:104,6
DA:105,1
DA:109,5
DA:110,0
DA:113,5
DA:114,5
DA:119,5
DA:123,2
DA:130,1
DA:135,0
DA:137,0
DA:138,0
DA:140,0
DA:141,0
DA:143,0
DA:144,0
DA:145,0
DA:146,0
DA:149,0
DA:152,0
DA:153,0
DA:154,0
DA:157,0
DA:158,0
DA:161,0
DA:162,0
DA:165,0
DA:172,0
DA:173,0
DA:182,1
DA:187,0
DA:189,0
DA:192,0
DA:193,0
DA:195,0
DA:196,0
DA:198,0
DA:199,0
DA:201,0
DA:202,0
DA:204,0
DA:205,0
DA:206,0
DA:209,0
DA:210,0
DA:214,0
DA:215,0
DA:218,0
DA:219,0
DA:224,0
DA:228,0
DA:229,0
DA:235,1
DA:236,1
LF:85
LH:42
BRDA:22,0,0,1
BRDA:22,0,1,4
BRDA:35,1,0,1
BRDA:35,1,1,3
BRDA:58,2,0,4
BRDA:58,2,1,0
BRDA:78,3,0,0
BRDA:81,4,0,0
BRDA:96,5,0,0
BRDA:104,6,0,1
BRDA:104,7,0,6
BRDA:104,7,1,6
BRDA:109,8,0,0
BRDA:133,9,0,0
BRDA:146,10,0,0
BRDA:152,11,0,0
BRDA:161,12,0,0
BRDA:161,13,0,0
BRDA:161,13,1,0
BRDA:185,14,0,0
BRDA:189,15,0,0
BRDA:189,16,0,0
BRDA:189,16,1,0
BRDA:192,17,0,0
BRDA:192,17,1,0
BRDA:193,18,0,0
BRDA:209,19,0,0
BRDA:209,20,0,0
BRDA:209,20,1,0
BRDA:214,21,0,0
BRF:30
BRH:8
end_of_record
TN:
SF:utils\sleepAnalytics.ts
FN:3,calculateSleepStats
FN:15,(anonymous_1)
FN:16,(anonymous_2)
FN:22,(anonymous_3)
FN:29,(anonymous_4)
FN:48,(anonymous_5)
FN:70,parseTime
FN:75,calculateSleepDebt
FN:77,(anonymous_8)
FN:80,calculateConsistency
FN:83,(anonymous_10)
FN:88,(anonymous_11)
FN:104,calculateVariance
FN:105,(anonymous_13)
FN:106,(anonymous_14)
FN:107,(anonymous_15)
FNF:16
FNH:16
FNDA:5,calculateSleepStats
FNDA:9,(anonymous_1)
FNDA:9,(anonymous_2)
FNDA:9,(anonymous_3)
FNDA:9,(anonymous_4)
FNDA:5,(anonymous_5)
FNDA:18,parseTime
FNDA:2,calculateSleepDebt
FNDA:2,(anonymous_8)
FNDA:4,calculateConsistency
FNDA:5,(anonymous_10)
FNDA:5,(anonymous_11)
FNDA:4,calculateVariance
FNDA:10,(anonymous_13)
FNDA:10,(anonymous_14)
FNDA:10,(anonymous_15)
DA:3,1
DA:4,5
DA:5,1
DA:15,9
DA:16,9
DA:17,4
DA:18,4
DA:21,4
DA:22,4
DA:23,9
DA:27,4
DA:28,4
DA:29,4
DA:30,9
DA:31,9
DA:32,9
DA:33,9
DA:35,9
DA:36,9
DA:38,9
DA:39,7
DA:43,4
DA:46,4
DA:47,4
DA:48,4
DA:49,5
DA:52,4
DA:53,6
DA:54,2
DA:56,4
DA:61,4
DA:71,18
DA:72,18
DA:75,1
DA:76,2
DA:77,2
DA:80,1
DA:81,4
DA:83,2
DA:84,5
DA:85,5
DA:88,2
DA:89,5
DA:90,5
DA:93,2
DA:94,2
DA:98,2
DA:99,2
DA:101,2
DA:105,10
DA:106,10
DA:107,10
DA:108,4
LF:53
LH:53
BRDA:4,0,0,1
BRDA:21,1,0,4
BRDA:21,1,1,0
BRDA:28,2,0,4
BRDA:38,3,0,7
BRDA:38,4,0,9
BRDA:38,4,1,9
BRDA:43,5,0,4
BRDA:43,5,1,0
BRDA:47,6,0,4
BRDA:53,7,0,2
BRDA:53,7,1,4
BRDA:53,8,0,6
BRDA:53,8,1,3
BRDA:81,9,0,2
BRF:15
BRH:13
end_of_record
TN:
SF:utils\sleepScoring.ts
FN:7,calculateSleepScore
FN:56,getChronotype
FNF:2
FNH:2
FNDA:4,calculateSleepScore
FNDA:3,getChronotype
DA:7,1
DA:13,4
DA:14,4
DA:15,4
DA:17,4
DA:18,3
DA:19,1
DA:20,1
DA:23,0
DA:27,4
DA:28,4
DA:29,4
DA:30,4
DA:31,4
DA:32,4
DA:35,4
DA:36,4
DA:39,4
DA:44,4
DA:45,4
DA:46,4
DA:48,4
DA:50,4
DA:56,1
DA:59,3
DA:61,2
DA:62,1
DA:65,1
LF:28
LH:27
BRDA:10,0,0,0
BRDA:13,1,0,4
BRDA:13,1,1,0
BRDA:17,2,0,3
BRDA:17,2,1,1
BRDA:17,3,0,4
BRDA:17,3,1,3
BRDA:19,4,0,1
BRDA:19,4,1,0
BRDA:28,5,0,4
BRDA:36,6,0,1
BRDA:59,7,0,1
BRDA:59,8,0,3
BRDA:59,8,1,2
BRDA:61,9,0,1
BRDA:61,10,0,2
BRDA:61,10,1,2
BRDA:62,11,0,0
BRF:18
BRH:14
end_of_record
TN:
SF:utils\streakUtils.ts
FN:7,isNutritionGoalHit
FN:17,isCleanEatingHit
FN:24,calculateNewStreak
FNF:3
FNH:2
FNDA:2,isNutritionGoalHit
FNDA:0,isCleanEatingHit
FNDA:3,calculateNewStreak
DA:7,1
DA:8,2
DA:17,1
DA:18,0
DA:24,1
DA:29,3
DA:30,2
DA:31,1
DA:33,1
DA:36,1
LF:10
LH:9
BRDA:8,0,0,2
BRDA:8,0,1,1
BRDA:8,0,2,1
BRDA:8,0,3,1
BRDA:29,1,0,2
BRDA:29,1,1,1
BRDA:30,2,0,1
BRDA:30,2,1,1
BRF:8
BRH:8
end_of_record
TN:
SF:utils\time.ts
FN:4,formatTime
FNF:1
FNH:1
FNDA:8,formatTime
DA:4,1
DA:5,8
DA:6,8
DA:7,8
DA:9,8
DA:10,3
DA:12,5
LF:7
LH:7
BRDA:9,0,0,3
BRF:1
BRH:1
end_of_record
TN:
SF:utils\workoutMath.ts
FN:9,calculateOneRM
FN:18,calculateVolume
FNF:2
FNH:2
FNDA:6,calculateOneRM
FNDA:2,calculateVolume
DA:9,1
DA:10,6
DA:11,3
DA:12,2
DA:18,1
DA:19,2
LF:6
LH:6
BRDA:10,0,0,3
BRDA:10,1,0,6
BRDA:10,1,1,4
BRDA:11,2,0,1
BRF:4
BRH:4
end_of_record
